Log file open, 01/19/22 05:36:23
LogWindows: Failed to load 'aqProf.dll' (GetLastError=126)
LogWindows: File 'aqProf.dll' does not exist
LogWindows: Failed to load 'VtuneApi.dll' (GetLastError=126)
LogWindows: File 'VtuneApi.dll' does not exist
LogWindows: Failed to load 'VtuneApi32e.dll' (GetLastError=126)
LogWindows: File 'VtuneApi32e.dll' does not exist
LogConsoleResponse: Display: Failed to find resolution value strings in scalability ini. Falling back to default.
LogConsoleResponse: Display: Failed to find resolution value strings in scalability ini. Falling back to default.
LogInit: Display: Running engine for game: FPS
LogPlatformFile: Not using cached read wrapper
LogTaskGraph: Started task graph with 5 named threads and 23 total threads with 3 sets of task threads.
LogStats: Stats thread started at 0.350196
LogICUInternationalization: ICU TimeZone Detection - Raw Offset: +7:00, Platform Override: ''
LogInit: Display: Loading text-based GConfig....
LogPluginManager: Mounting plugin MeshPainting
LogPluginManager: Mounting plugin XGEController
LogPluginManager: Mounting plugin Paper2D
LogPluginManager: Mounting plugin AISupport
LogPluginManager: Mounting plugin LiveLink
LogPluginManager: Mounting plugin EnvironmentQueryEditor
LogPluginManager: Mounting plugin CameraShakePreviewer
LogPluginManager: Mounting plugin GameplayCameras
LogPluginManager: Mounting plugin LightPropagationVolume
LogPluginManager: Mounting plugin OodleData
LogPluginManager: Mounting plugin OodleNetwork
LogPluginManager: Mounting plugin AssetManagerEditor
LogPluginManager: Mounting plugin CryptoKeys
LogPluginManager: Mounting plugin CurveEditorTools
LogPluginManager: Mounting plugin DataValidation
LogPluginManager: Mounting plugin GameplayTagsEditor
LogPluginManager: Mounting plugin FacialAnimation
LogPluginManager: Mounting plugin GeometryMode
LogPluginManager: Mounting plugin MacGraphicsSwitching
LogPluginManager: Mounting plugin MaterialAnalyzer
LogPluginManager: Mounting plugin MobileLauncherProfileWizard
LogPluginManager: Mounting plugin PluginBrowser
LogPluginManager: Mounting plugin SpeedTreeImporter
LogPluginManager: Mounting plugin AlembicImporter
LogPluginManager: Mounting plugin AutomationUtils
LogPluginManager: Mounting plugin BackChannel
LogPluginManager: Mounting plugin ChaosCloth
LogPluginManager: Mounting plugin ChaosClothEditor
LogPluginManager: Mounting plugin ChaosEditor
LogPluginManager: Mounting plugin ChaosSolverPlugin
LogPluginManager: Mounting plugin ChaosNiagara
LogPluginManager: Mounting plugin CharacterAI
LogPluginManager: Mounting plugin AnimationSharing
LogPluginManager: Mounting plugin GeometryCache
LogPluginManager: Mounting plugin CLionSourceCodeAccess
LogPluginManager: Mounting plugin GeometryCollectionPlugin
LogPluginManager: Mounting plugin CodeLiteSourceCodeAccess
LogPluginManager: Mounting plugin KDevelopSourceCodeAccess
LogPluginManager: Mounting plugin GitSourceControl
LogPluginManager: Mounting plugin NullSourceCodeAccess
LogPluginManager: Mounting plugin PerforceSourceControl
LogPluginManager: Mounting plugin PixWinPlugin
LogPluginManager: Mounting plugin PlasticSourceControl
LogPluginManager: Mounting plugin PropertyAccessNode
LogPluginManager: Mounting plugin PluginUtils
LogPluginManager: Mounting plugin RiderSourceCodeAccess
LogPluginManager: Mounting plugin SubversionSourceControl
LogPluginManager: Mounting plugin TextureFormatOodle
LogPluginManager: Mounting plugin UObjectPlugin
LogPluginManager: Mounting plugin VisualStudioSourceCodeAccess
LogPluginManager: Mounting plugin VisualStudioCodeSourceCodeAccess
LogPluginManager: Mounting plugin XCodeSourceCodeAccess
LogPluginManager: Mounting plugin GeometryProcessing
LogPluginManager: Mounting plugin OpenImageDenoise
LogPluginManager: Mounting plugin MotoSynth
LogPluginManager: Mounting plugin PlatformCrypto
LogPluginManager: Mounting plugin ProxyLODPlugin
LogPluginManager: Mounting plugin PlanarCut
LogPluginManager: Mounting plugin PythonScriptPlugin
LogPluginManager: Mounting plugin SkeletalReduction
LogPluginManager: Mounting plugin Niagara
LogPluginManager: Mounting plugin LuminPlatformFeatures
LogPluginManager: Mounting plugin MagicLeap
LogPluginManager: Mounting plugin MagicLeapLightEstimation
LogPluginManager: Mounting plugin MagicLeapMedia
LogPluginManager: Mounting plugin MagicLeapPassableWorld
LogPluginManager: Mounting plugin MLSDK
LogPluginManager: Mounting plugin AndroidMedia
LogPluginManager: Mounting plugin AvfMedia
LogPluginManager: Mounting plugin ImgMedia
LogPluginManager: Mounting plugin MediaCompositing
LogPluginManager: Mounting plugin MediaPlayerEditor
LogPluginManager: Mounting plugin WebMMedia
LogPluginManager: Mounting plugin WmfMedia
LogPluginManager: Mounting plugin TcpMessaging
LogPluginManager: Mounting plugin UdpMessaging
LogPluginManager: Mounting plugin OnlineSubsystem
LogPluginManager: Mounting plugin ActorSequence
LogPluginManager: Mounting plugin OnlineSubsystemNull
LogPluginManager: Mounting plugin LevelSequenceEditor
LogPluginManager: Mounting plugin OnlineSubsystemUtils
LogPluginManager: Mounting plugin MatineeToLevelSequence
LogPluginManager: Mounting plugin LauncherChunkInstaller
LogPluginManager: Mounting plugin TemplateSequence
LogPluginManager: Mounting plugin ActorLayerUtilities
LogPluginManager: Mounting plugin AndroidPermission
LogPluginManager: Mounting plugin AndroidDeviceProfileSelector
LogPluginManager: Mounting plugin AndroidMoviePlayer
LogPluginManager: Mounting plugin AppleImageUtils
LogPluginManager: Mounting plugin ArchVisCharacter
LogPluginManager: Mounting plugin AppleMoviePlayer
LogPluginManager: Mounting plugin AudioCapture
LogPluginManager: Mounting plugin AssetTags
LogPluginManager: Mounting plugin AudioSynesthesia
LogPluginManager: Mounting plugin CableComponent
LogPluginManager: Mounting plugin ChunkDownloader
LogPluginManager: Mounting plugin CustomMeshComponent
LogPluginManager: Mounting plugin EditableMesh
LogPluginManager: Mounting plugin ExampleDeviceProfileSelector
LogPluginManager: Mounting plugin GoogleCloudMessaging
LogPluginManager: Mounting plugin GooglePAD
LogPluginManager: Mounting plugin IOSDeviceProfileSelector
LogPluginManager: Mounting plugin LinuxDeviceProfileSelector
LogPluginManager: Mounting plugin LocationServicesBPLibrary
LogPluginManager: Mounting plugin MobilePatchingUtils
LogPluginManager: Mounting plugin OpenXR
LogPluginManager: Mounting plugin OpenXREyeTracker
LogPluginManager: Mounting plugin OpenXRHandTracking
LogPluginManager: Mounting plugin PhysXVehicles
LogPluginManager: Mounting plugin PostSplashScreen
LogPluginManager: Mounting plugin ProceduralMeshComponent
LogPluginManager: Mounting plugin PropertyAccessEditor
LogPluginManager: Mounting plugin SignificanceManager
LogPluginManager: Mounting plugin RuntimePhysXCooking
LogPluginManager: Mounting plugin SoundFields
LogPluginManager: Mounting plugin Synthesis
LogPluginManager: Mounting plugin WebMMoviePlayer
LogPluginManager: Mounting plugin WindowsMoviePlayer
LogPluginManager: Mounting plugin ScreenshotTools
LogPluginManager: Mounting plugin Takes
LogPluginManager: Mounting plugin DatasmithContent
LogPluginManager: Mounting plugin VariantManagerContent
LogPluginManager: Mounting plugin ContentBrowserClassDataSource
LogPluginManager: Mounting plugin ContentBrowserFileDataSource
LogPluginManager: Mounting plugin ContentBrowserAssetDataSource
LogPluginManager: Mounting plugin OnlineSubsystemGooglePlay
LogPluginManager: Mounting plugin OnlineSubsystemIOS
LogPluginManager: Mounting plugin OculusVR
LogPluginManager: Mounting plugin SteamVR
PixWinPlugin: PIX capture plugin failed to initialize! Check that the process is launched from PIX.
LogInit: Using libcurl 7.55.1-DEV
LogInit:  - built for x86_64-pc-win32
LogInit:  - supports SSL with OpenSSL/1.1.1
LogInit:  - supports HTTP deflate (compression) using libz 1.2.8
LogInit:  - other features:
LogInit:      CURL_VERSION_SSL
LogInit:      CURL_VERSION_LIBZ
LogInit:      CURL_VERSION_IPV6
LogInit:      CURL_VERSION_ASYNCHDNS
LogInit:      CURL_VERSION_LARGEFILE
LogInit:      CURL_VERSION_IDN
LogInit:  CurlRequestOptions (configurable via config and command line):
LogInit:  - bVerifyPeer = true  - Libcurl will verify peer certificate
LogInit:  - bUseHttpProxy = false  - Libcurl will NOT use HTTP proxy
LogInit:  - bDontReuseConnections = false  - Libcurl will reuse connections
LogInit:  - MaxHostConnections = 16  - Libcurl will limit the number of connections to a host
LogInit:  - LocalHostAddr = Default
LogInit:  - BufferSize = 65536
LogOnline: OSS: Creating online subsystem instance for: NULL
LogInit: WinSock: version 1.1 (2.2), MaxSocks=32767, MaxUdp=65467
LogOnline: OSS: TryLoadSubsystemAndSetDefault: Loaded subsystem for module [NULL]
LogOculusPluginWrapper: OculusPlugin initialized successfully
LogHMD: Failed initializing OVRPlugin 1.59.0
LogInit: Build: ++UE4+Release-4.27-CL-18319896
LogInit: Engine Version: 4.27.2-18319896+++UE4+Release-4.27
LogInit: Compatible Engine Version: 4.27.0-17155196+++UE4+Release-4.27
LogInit: Net CL: 17155196
LogInit: OS: Windows 10 (Release 2009) (), CPU: AMD Ryzen 5 3500U with Radeon Vega Mobile Gfx  , GPU: AMD Radeon(TM) Vega 8 Graphics 
LogInit: Compiled (64-bit): Nov 30 2021 07:12:08
LogInit: Compiled with Visual C++: 19.24.28315.00
LogInit: Build Configuration: Development
LogInit: Branch Name: ++UE4+Release-4.27
LogInit: Command Line: 
LogInit: Base Directory: D:/UE_4.27/Engine/Binaries/Win64/
LogInit: Allocator: TBB
LogInit: Installed Engine Build: 1
LogDevObjectVersion: Number of dev versions registered: 29
LogDevObjectVersion:   Dev-Blueprints (B0D832E4-1F89-4F0D-ACCF-7EB736FD4AA2): 10
LogDevObjectVersion:   Dev-Build (E1C64328-A22C-4D53-A36C-8E866417BD8C): 0
LogDevObjectVersion:   Dev-Core (375EC13C-06E4-48FB-B500-84F0262A717E): 4
LogDevObjectVersion:   Dev-Editor (E4B068ED-F494-42E9-A231-DA0B2E46BB41): 40
LogDevObjectVersion:   Dev-Framework (CFFC743F-43B0-4480-9391-14DF171D2073): 37
LogDevObjectVersion:   Dev-Mobile (B02B49B5-BB20-44E9-A304-32B752E40360): 3
LogDevObjectVersion:   Dev-Networking (A4E4105C-59A1-49B5-A7C5-40C4547EDFEE): 0
LogDevObjectVersion:   Dev-Online (39C831C9-5AE6-47DC-9A44-9C173E1C8E7C): 0
LogDevObjectVersion:   Dev-Physics (78F01B33-EBEA-4F98-B9B4-84EACCB95AA2): 14
LogDevObjectVersion:   Dev-Platform (6631380F-2D4D-43E0-8009-CF276956A95A): 0
LogDevObjectVersion:   Dev-Rendering (12F88B9F-8875-4AFC-A67C-D90C383ABD29): 45
LogDevObjectVersion:   Dev-Sequencer (7B5AE74C-D270-4C10-A958-57980B212A5A): 13
LogDevObjectVersion:   Dev-VR (D7296918-1DD6-4BDD-9DE2-64A83CC13884): 3
LogDevObjectVersion:   Dev-LoadTimes (C2A15278-BFE7-4AFE-6C17-90FF531DF755): 1
LogDevObjectVersion:   Private-Geometry (6EACA3D4-40EC-4CC1-B786-8BED09428FC5): 3
LogDevObjectVersion:   Dev-AnimPhys (29E575DD-E0A3-4627-9D10-D276232CDCEA): 17
LogDevObjectVersion:   Dev-Anim (AF43A65D-7FD3-4947-9873-3E8ED9C1BB05): 15
LogDevObjectVersion:   Dev-ReflectionCapture (6B266CEC-1EC7-4B8F-A30B-E4D90942FC07): 1
LogDevObjectVersion:   Dev-Automation (0DF73D61-A23F-47EA-B727-89E90C41499A): 1
LogDevObjectVersion:   FortniteMain (601D1886-AC64-4F84-AA16-D3DE0DEAC7D6): 47
LogDevObjectVersion:   FortniteRelease (E7086368-6B23-4C58-8439-1B7016265E91): 1
LogDevObjectVersion:   Dev-Enterprise (9DFFBCD6-494F-0158-E221-12823C92A888): 10
LogDevObjectVersion:   Dev-Niagara (F2AED0AC-9AFE-416F-8664-AA7FFA26D6FC): 1
LogDevObjectVersion:   Dev-Destruction (174F1F0B-B4C6-45A5-B13F-2EE8D0FB917D): 10
LogDevObjectVersion:   Dev-Physics-Ext (35F94A83-E258-406C-A318-09F59610247C): 41
LogDevObjectVersion:   Dev-PhysicsMaterial-Chaos (B68FC16E-8B1B-42E2-B453-215C058844FE): 1
LogDevObjectVersion:   Dev-CineCamera (B2E18506-4273-CFC2-A54E-F4BB758BBA07): 1
LogDevObjectVersion:   Dev-VirtualProduction (64F58936-FD1B-42BA-BA96-7289D5D0FA4E): 1
LogDevObjectVersion:   Dev-MediaFramework (6F0ED827-A609-4895-9C91-998D90180EA4): 2
LogInit: Presizing for max 25165824 objects, including 0 objects not considered by GC, pre-allocating 0 bytes for permanent pool.
LogConfig: Applying CVar settings from Section [/Script/Engine.StreamingSettings] File [D:/FPS/Saved/Config/Windows/Engine.ini]
LogConfig: Setting CVar [[s.MinBulkDataSizeForAsyncLoading:131072]]
LogConfig: Setting CVar [[s.AsyncLoadingThreadEnabled:0]]
LogConfig: Setting CVar [[s.EventDrivenLoaderEnabled:1]]
LogConfig: Setting CVar [[s.WarnIfTimeLimitExceeded:0]]
LogConfig: Setting CVar [[s.TimeLimitExceededMultiplier:1.5]]
LogConfig: Setting CVar [[s.TimeLimitExceededMinTime:0.005]]
LogConfig: Setting CVar [[s.UseBackgroundLevelStreaming:1]]
LogConfig: Setting CVar [[s.PriorityAsyncLoadingExtraTime:15.0]]
LogConfig: Setting CVar [[s.LevelStreamingActorsUpdateTimeLimit:5.0]]
LogConfig: Setting CVar [[s.PriorityLevelStreamingActorsUpdateExtraTime:5.0]]
LogConfig: Setting CVar [[s.LevelStreamingComponentsRegistrationGranularity:10]]
LogConfig: Setting CVar [[s.UnregisterComponentsTimeLimit:1.0]]
LogConfig: Setting CVar [[s.LevelStreamingComponentsUnregistrationGranularity:5]]
LogConfig: Setting CVar [[s.FlushStreamingOnExit:1]]
LogInit: Object subsystem initialized
LogConfig: Setting CVar [[con.DebugEarlyDefault:1]]
LogConfig: Setting CVar [[r.setres:1280x720]]
[2022.01.18-22.36.24:538][  0]LogConfig: Setting CVar [[r.VSync:0]]
[2022.01.18-22.36.24:538][  0]LogConfig: Setting CVar [[r.RHICmdBypass:0]]
[2022.01.18-22.36.24:538][  0]LogConfig: Applying CVar settings from Section [/Script/Engine.RendererSettings] File [D:/FPS/Saved/Config/Windows/Engine.ini]
[2022.01.18-22.36.24:538][  0]LogConfig: Setting CVar [[r.GPUCrashDebugging:0]]
[2022.01.18-22.36.24:538][  0]LogConfig: Applying CVar settings from Section [/Script/Engine.RendererOverrideSettings] File [D:/FPS/Saved/Config/Windows/Engine.ini]
[2022.01.18-22.36.24:538][  0]LogConfig: Applying CVar settings from Section [/Script/Engine.StreamingSettings] File [D:/FPS/Saved/Config/Windows/Engine.ini]
[2022.01.18-22.36.24:538][  0]LogConfig: Setting CVar [[s.MinBulkDataSizeForAsyncLoading:131072]]
[2022.01.18-22.36.24:538][  0]LogConfig: Setting CVar [[s.AsyncLoadingThreadEnabled:0]]
[2022.01.18-22.36.24:538][  0]LogConfig: Setting CVar [[s.EventDrivenLoaderEnabled:1]]
[2022.01.18-22.36.24:538][  0]LogConfig: Setting CVar [[s.WarnIfTimeLimitExceeded:0]]
[2022.01.18-22.36.24:538][  0]LogConfig: Setting CVar [[s.TimeLimitExceededMultiplier:1.5]]
[2022.01.18-22.36.24:538][  0]LogConfig: Setting CVar [[s.TimeLimitExceededMinTime:0.005]]
[2022.01.18-22.36.24:538][  0]LogConfig: Setting CVar [[s.UseBackgroundLevelStreaming:1]]
[2022.01.18-22.36.24:538][  0]LogConfig: Setting CVar [[s.PriorityAsyncLoadingExtraTime:15.0]]
[2022.01.18-22.36.24:538][  0]LogConfig: Setting CVar [[s.LevelStreamingActorsUpdateTimeLimit:5.0]]
[2022.01.18-22.36.24:538][  0]LogConfig: Setting CVar [[s.PriorityLevelStreamingActorsUpdateExtraTime:5.0]]
[2022.01.18-22.36.24:538][  0]LogConfig: Setting CVar [[s.LevelStreamingComponentsRegistrationGranularity:10]]
[2022.01.18-22.36.24:538][  0]LogConfig: Setting CVar [[s.UnregisterComponentsTimeLimit:1.0]]
[2022.01.18-22.36.24:538][  0]LogConfig: Setting CVar [[s.LevelStreamingComponentsUnregistrationGranularity:5]]
[2022.01.18-22.36.24:538][  0]LogConfig: Setting CVar [[s.FlushStreamingOnExit:1]]
[2022.01.18-22.36.24:538][  0]LogConfig: Applying CVar settings from Section [/Script/Engine.GarbageCollectionSettings] File [D:/FPS/Saved/Config/Windows/Engine.ini]
[2022.01.18-22.36.24:538][  0]LogConfig: Setting CVar [[gc.MaxObjectsNotConsideredByGC:1]]
[2022.01.18-22.36.24:538][  0]LogConfig: Setting CVar [[gc.SizeOfPermanentObjectPool:0]]
[2022.01.18-22.36.24:538][  0]LogConfig: Setting CVar [[gc.FlushStreamingOnGC:0]]
[2022.01.18-22.36.24:538][  0]LogConfig: Setting CVar [[gc.NumRetriesBeforeForcingGC:10]]
[2022.01.18-22.36.24:538][  0]LogConfig: Setting CVar [[gc.AllowParallelGC:1]]
[2022.01.18-22.36.24:538][  0]LogConfig: Setting CVar [[gc.TimeBetweenPurgingPendingKillObjects:61.1]]
[2022.01.18-22.36.24:538][  0]LogConfig: Setting CVar [[gc.MaxObjectsInEditor:25165824]]
[2022.01.18-22.36.24:538][  0]LogConfig: Setting CVar [[gc.IncrementalBeginDestroyEnabled:1]]
[2022.01.18-22.36.24:538][  0]LogConfig: Setting CVar [[gc.CreateGCClusters:1]]
[2022.01.18-22.36.24:538][  0]LogConfig: Setting CVar [[gc.MinGCClusterSize:5]]
[2022.01.18-22.36.24:538][  0]LogConfig: Setting CVar [[gc.ActorClusteringEnabled:0]]
[2022.01.18-22.36.24:538][  0]LogConfig: Setting CVar [[gc.BlueprintClusteringEnabled:0]]
[2022.01.18-22.36.24:538][  0]LogConfig: Setting CVar [[gc.UseDisregardForGCOnDedicatedServers:0]]
[2022.01.18-22.36.24:538][  0]LogConfig: Setting CVar [[gc.MultithreadedDestructionEnabled:1]]
[2022.01.18-22.36.24:538][  0]LogConfig: Applying CVar settings from Section [/Script/Engine.NetworkSettings] File [D:/FPS/Saved/Config/Windows/Engine.ini]
[2022.01.18-22.36.24:538][  0]LogConfig: Applying CVar settings from Section [/Script/UnrealEd.CookerSettings] File [D:/FPS/Saved/Config/Windows/Engine.ini]
[2022.01.18-22.36.24:552][  0]LogConfig: Applying CVar settings from Section [ViewDistanceQuality@3] File [D:/FPS/Saved/Config/Windows/Scalability.ini]
[2022.01.18-22.36.24:552][  0]LogConfig: Setting CVar [[r.SkeletalMeshLODBias:0]]
[2022.01.18-22.36.24:552][  0]LogConfig: Setting CVar [[r.ViewDistanceScale:1.0]]
[2022.01.18-22.36.24:552][  0]LogConfig: Applying CVar settings from Section [AntiAliasingQuality@3] File [D:/FPS/Saved/Config/Windows/Scalability.ini]
[2022.01.18-22.36.24:552][  0]LogConfig: Setting CVar [[r.PostProcessAAQuality:4]]
[2022.01.18-22.36.24:552][  0]LogConfig: Applying CVar settings from Section [ShadowQuality@3] File [D:/FPS/Saved/Config/Windows/Scalability.ini]
[2022.01.18-22.36.24:552][  0]LogConfig: Setting CVar [[r.LightFunctionQuality:1]]
[2022.01.18-22.36.24:552][  0]LogConfig: Setting CVar [[r.ShadowQuality:5]]
[2022.01.18-22.36.24:552][  0]LogConfig: Setting CVar [[r.Shadow.CSM.MaxCascades:10]]
[2022.01.18-22.36.24:552][  0]LogConfig: Setting CVar [[r.Shadow.MaxResolution:2048]]
[2022.01.18-22.36.24:552][  0]LogConfig: Setting CVar [[r.Shadow.MaxCSMResolution:2048]]
[2022.01.18-22.36.24:552][  0]LogConfig: Setting CVar [[r.Shadow.RadiusThreshold:0.01]]
[2022.01.18-22.36.24:552][  0]LogConfig: Setting CVar [[r.Shadow.DistanceScale:1.0]]
[2022.01.18-22.36.24:553][  0]LogConfig: Setting CVar [[r.Shadow.CSM.TransitionScale:1.0]]
[2022.01.18-22.36.24:553][  0]LogConfig: Setting CVar [[r.Shadow.PreShadowResolutionFactor:1.0]]
[2022.01.18-22.36.24:553][  0]LogConfig: Setting CVar [[r.DistanceFieldShadowing:1]]
[2022.01.18-22.36.24:553][  0]LogConfig: Setting CVar [[r.DistanceFieldAO:1]]
[2022.01.18-22.36.24:553][  0]LogConfig: Setting CVar [[r.AOQuality:2]]
[2022.01.18-22.36.24:553][  0]LogConfig: Setting CVar [[r.VolumetricFog:1]]
[2022.01.18-22.36.24:553][  0]LogConfig: Setting CVar [[r.VolumetricFog.GridPixelSize:8]]
[2022.01.18-22.36.24:553][  0]LogConfig: Setting CVar [[r.VolumetricFog.GridSizeZ:128]]
[2022.01.18-22.36.24:553][  0]LogConfig: Setting CVar [[r.VolumetricFog.HistoryMissSupersampleCount:4]]
[2022.01.18-22.36.24:553][  0]LogConfig: Setting CVar [[r.LightMaxDrawDistanceScale:1]]
[2022.01.18-22.36.24:553][  0]LogConfig: Setting CVar [[r.CapsuleShadows:1]]
[2022.01.18-22.36.24:553][  0]LogConfig: Applying CVar settings from Section [PostProcessQuality@3] File [D:/FPS/Saved/Config/Windows/Scalability.ini]
[2022.01.18-22.36.24:553][  0]LogConfig: Setting CVar [[r.MotionBlurQuality:4]]
[2022.01.18-22.36.24:553][  0]LogConfig: Setting CVar [[r.AmbientOcclusionMipLevelFactor:0.4]]
[2022.01.18-22.36.24:553][  0]LogConfig: Setting CVar [[r.AmbientOcclusionMaxQuality:100]]
[2022.01.18-22.36.24:553][  0]LogConfig: Setting CVar [[r.AmbientOcclusionLevels:-1]]
[2022.01.18-22.36.24:553][  0]LogConfig: Setting CVar [[r.AmbientOcclusionRadiusScale:1.0]]
[2022.01.18-22.36.24:553][  0]LogConfig: Setting CVar [[r.DepthOfFieldQuality:2]]
[2022.01.18-22.36.24:553][  0]LogConfig: Setting CVar [[r.RenderTargetPoolMin:400]]
[2022.01.18-22.36.24:553][  0]LogConfig: Setting CVar [[r.LensFlareQuality:2]]
[2022.01.18-22.36.24:553][  0]LogConfig: Setting CVar [[r.SceneColorFringeQuality:1]]
[2022.01.18-22.36.24:553][  0]LogConfig: Setting CVar [[r.EyeAdaptationQuality:2]]
[2022.01.18-22.36.24:553][  0]LogConfig: Setting CVar [[r.BloomQuality:5]]
[2022.01.18-22.36.24:553][  0]LogConfig: Setting CVar [[r.FastBlurThreshold:100]]
[2022.01.18-22.36.24:553][  0]LogConfig: Setting CVar [[r.Upscale.Quality:3]]
[2022.01.18-22.36.24:553][  0]LogConfig: Setting CVar [[r.Tonemapper.GrainQuantization:1]]
[2022.01.18-22.36.24:553][  0]LogConfig: Setting CVar [[r.LightShaftQuality:1]]
[2022.01.18-22.36.24:553][  0]LogConfig: Setting CVar [[r.Filter.SizeScale:1]]
[2022.01.18-22.36.24:553][  0]LogConfig: Setting CVar [[r.Tonemapper.Quality:5]]
[2022.01.18-22.36.24:553][  0]LogConfig: Setting CVar [[r.DOF.Gather.AccumulatorQuality:1        ; higher gathering accumulator quality]]
[2022.01.18-22.36.24:553][  0]LogConfig: Setting CVar [[r.DOF.Gather.PostfilterMethod:1          ; Median3x3 postfilering method]]
[2022.01.18-22.36.24:553][  0]LogConfig: Setting CVar [[r.DOF.Gather.EnableBokehSettings:0       ; no bokeh simulation when gathering]]
[2022.01.18-22.36.24:553][  0]LogConfig: Setting CVar [[r.DOF.Gather.RingCount:4                 ; medium number of samples when gathering]]
[2022.01.18-22.36.24:553][  0]LogConfig: Setting CVar [[r.DOF.Scatter.ForegroundCompositing:1    ; additive foreground scattering]]
[2022.01.18-22.36.24:553][  0]LogConfig: Setting CVar [[r.DOF.Scatter.BackgroundCompositing:2    ; additive background scattering]]
[2022.01.18-22.36.24:553][  0]LogConfig: Setting CVar [[r.DOF.Scatter.EnableBokehSettings:1      ; bokeh simulation when scattering]]
[2022.01.18-22.36.24:553][  0]LogConfig: Setting CVar [[r.DOF.Scatter.MaxSpriteRatio:0.1         ; only a maximum of 10% of scattered bokeh]]
[2022.01.18-22.36.24:553][  0]LogConfig: Setting CVar [[r.DOF.Recombine.Quality:1                ; cheap slight out of focus]]
[2022.01.18-22.36.24:553][  0]LogConfig: Setting CVar [[r.DOF.Recombine.EnableBokehSettings:0    ; no bokeh simulation on slight out of focus]]
[2022.01.18-22.36.24:553][  0]LogConfig: Setting CVar [[r.DOF.TemporalAAQuality:1                ; more stable temporal accumulation]]
[2022.01.18-22.36.24:553][  0]LogConfig: Setting CVar [[r.DOF.Kernel.MaxForegroundRadius:0.025]]
[2022.01.18-22.36.24:553][  0]LogConfig: Setting CVar [[r.DOF.Kernel.MaxBackgroundRadius:0.025]]
[2022.01.18-22.36.24:553][  0]LogConfig: Applying CVar settings from Section [TextureQuality@3] File [D:/FPS/Saved/Config/Windows/Scalability.ini]
[2022.01.18-22.36.24:553][  0]LogConfig: Setting CVar [[r.Streaming.MipBias:0]]
[2022.01.18-22.36.24:553][  0]LogConfig: Setting CVar [[r.Streaming.AmortizeCPUToGPUCopy:0]]
[2022.01.18-22.36.24:553][  0]LogConfig: Setting CVar [[r.Streaming.MaxNumTexturesToStreamPerFrame:0]]
[2022.01.18-22.36.24:553][  0]LogConfig: Setting CVar [[r.Streaming.Boost:1]]
[2022.01.18-22.36.24:553][  0]LogConfig: Setting CVar [[r.MaxAnisotropy:8]]
[2022.01.18-22.36.24:553][  0]LogConfig: Setting CVar [[r.VT.MaxAnisotropy:8]]
[2022.01.18-22.36.24:553][  0]LogConfig: Setting CVar [[r.Streaming.LimitPoolSizeToVRAM:0]]
[2022.01.18-22.36.24:553][  0]LogConfig: Setting CVar [[r.Streaming.PoolSize:1000]]
[2022.01.18-22.36.24:553][  0]LogConfig: Setting CVar [[r.Streaming.MaxEffectiveScreenSize:0]]
[2022.01.18-22.36.24:553][  0]LogConfig: Applying CVar settings from Section [EffectsQuality@3] File [D:/FPS/Saved/Config/Windows/Scalability.ini]
[2022.01.18-22.36.24:553][  0]LogConfig: Setting CVar [[r.TranslucencyLightingVolumeDim:64]]
[2022.01.18-22.36.24:553][  0]LogConfig: Setting CVar [[r.RefractionQuality:2]]
[2022.01.18-22.36.24:553][  0]LogConfig: Setting CVar [[r.SSR.Quality:3]]
[2022.01.18-22.36.24:553][  0]LogConfig: Setting CVar [[r.SSR.HalfResSceneColor:0]]
[2022.01.18-22.36.24:553][  0]LogConfig: Setting CVar [[r.SceneColorFormat:4]]
[2022.01.18-22.36.24:553][  0]LogConfig: Setting CVar [[r.DetailMode:2]]
[2022.01.18-22.36.24:553][  0]LogConfig: Setting CVar [[r.TranslucencyVolumeBlur:1]]
[2022.01.18-22.36.24:553][  0]LogConfig: Setting CVar [[r.MaterialQualityLevel:1 ; High quality]]
[2022.01.18-22.36.24:553][  0]LogConfig: Setting CVar [[r.AnisotropicMaterials:1]]
[2022.01.18-22.36.24:553][  0]LogConfig: Setting CVar [[r.SSS.Scale:1]]
[2022.01.18-22.36.24:553][  0]LogConfig: Setting CVar [[r.SSS.SampleSet:2]]
[2022.01.18-22.36.24:553][  0]LogConfig: Setting CVar [[r.SSS.Quality:1]]
[2022.01.18-22.36.24:553][  0]LogConfig: Setting CVar [[r.SSS.HalfRes:0]]
[2022.01.18-22.36.24:553][  0]LogConfig: Setting CVar [[r.SSGI.Quality:3]]
[2022.01.18-22.36.24:553][  0]LogConfig: Setting CVar [[r.EmitterSpawnRateScale:1.0]]
[2022.01.18-22.36.24:553][  0]LogConfig: Setting CVar [[r.ParticleLightQuality:2]]
[2022.01.18-22.36.24:553][  0]LogConfig: Setting CVar [[r.SkyAtmosphere.AerialPerspectiveLUT.FastApplyOnOpaque:1 ; Always have FastSkyLUT 1 in this case to avoid wrong sky]]
[2022.01.18-22.36.24:553][  0]LogConfig: Setting CVar [[r.SkyAtmosphere.AerialPerspectiveLUT.SampleCountMaxPerSlice:4]]
[2022.01.18-22.36.24:553][  0]LogConfig: Setting CVar [[r.SkyAtmosphere.AerialPerspectiveLUT.DepthResolution:16.0]]
[2022.01.18-22.36.24:553][  0]LogConfig: Setting CVar [[r.SkyAtmosphere.FastSkyLUT:1]]
[2022.01.18-22.36.24:553][  0]LogConfig: Setting CVar [[r.SkyAtmosphere.FastSkyLUT.SampleCountMin:4.0]]
[2022.01.18-22.36.24:553][  0]LogConfig: Setting CVar [[r.SkyAtmosphere.FastSkyLUT.SampleCountMax:128.0]]
[2022.01.18-22.36.24:554][  0]LogConfig: Setting CVar [[r.SkyAtmosphere.SampleCountMin:4.0]]
[2022.01.18-22.36.24:554][  0]LogConfig: Setting CVar [[r.SkyAtmosphere.SampleCountMax:128.0]]
[2022.01.18-22.36.24:554][  0]LogConfig: Setting CVar [[r.SkyAtmosphere.TransmittanceLUT.UseSmallFormat:0]]
[2022.01.18-22.36.24:554][  0]LogConfig: Setting CVar [[r.SkyAtmosphere.TransmittanceLUT.SampleCount:10.0]]
[2022.01.18-22.36.24:554][  0]LogConfig: Setting CVar [[r.SkyAtmosphere.MultiScatteringLUT.SampleCount:15.0]]
[2022.01.18-22.36.24:554][  0]LogConfig: Setting CVar [[r.SkyLight.RealTimeReflectionCapture:1]]
[2022.01.18-22.36.24:554][  0]LogConfig: Applying CVar settings from Section [FoliageQuality@3] File [D:/FPS/Saved/Config/Windows/Scalability.ini]
[2022.01.18-22.36.24:554][  0]LogConfig: Setting CVar [[foliage.DensityScale:1.0]]
[2022.01.18-22.36.24:554][  0]LogConfig: Setting CVar [[grass.DensityScale:1.0]]
[2022.01.18-22.36.24:554][  0]LogConfig: Applying CVar settings from Section [ShadingQuality@3] File [D:/FPS/Saved/Config/Windows/Scalability.ini]
[2022.01.18-22.36.24:554][  0]LogConfig: Setting CVar [[r.HairStrands.SkyLighting.IntegrationType:2]]
[2022.01.18-22.36.24:554][  0]LogConfig: Setting CVar [[r.HairStrands.SkyAO.SampleCount:4]]
[2022.01.18-22.36.24:554][  0]LogConfig: Setting CVar [[r.HairStrands.Visibility.MSAA.SamplePerPixel:4]]
[2022.01.18-22.36.24:554][  0]LogInit: Selected Device Profile: [Windows]
[2022.01.18-22.36.24:554][  0]LogInit: Applying CVar settings loaded from the selected device profile: [Windows]
[2022.01.18-22.36.24:554][  0]LogHAL: Display: Platform has ~ 15 GB [16040079360 / 17179869184 / 15], which maps to Larger [LargestMinGB=32, LargerMinGB=12, DefaultMinGB=8, SmallerMinGB=6, SmallestMinGB=0)
[2022.01.18-22.36.24:554][  0]LogInit: Going up to parent DeviceProfile []
[2022.01.18-22.36.24:554][  0]LogConfig: Applying CVar settings from Section [ViewDistanceQuality@3] File [D:/FPS/Saved/Config/Windows/Scalability.ini]
[2022.01.18-22.36.24:554][  0]LogConfig: Setting CVar [[r.SkeletalMeshLODBias:0]]
[2022.01.18-22.36.24:554][  0]LogConfig: Setting CVar [[r.ViewDistanceScale:1.0]]
[2022.01.18-22.36.24:554][  0]LogConfig: Applying CVar settings from Section [AntiAliasingQuality@3] File [D:/FPS/Saved/Config/Windows/Scalability.ini]
[2022.01.18-22.36.24:554][  0]LogConfig: Setting CVar [[r.PostProcessAAQuality:4]]
[2022.01.18-22.36.24:554][  0]LogConfig: Applying CVar settings from Section [ShadowQuality@3] File [D:/FPS/Saved/Config/Windows/Scalability.ini]
[2022.01.18-22.36.24:554][  0]LogConfig: Setting CVar [[r.LightFunctionQuality:1]]
[2022.01.18-22.36.24:554][  0]LogConfig: Setting CVar [[r.ShadowQuality:5]]
[2022.01.18-22.36.24:554][  0]LogConfig: Setting CVar [[r.Shadow.CSM.MaxCascades:10]]
[2022.01.18-22.36.24:554][  0]LogConfig: Setting CVar [[r.Shadow.MaxResolution:2048]]
[2022.01.18-22.36.24:554][  0]LogConfig: Setting CVar [[r.Shadow.MaxCSMResolution:2048]]
[2022.01.18-22.36.24:554][  0]LogConfig: Setting CVar [[r.Shadow.RadiusThreshold:0.01]]
[2022.01.18-22.36.24:554][  0]LogConfig: Setting CVar [[r.Shadow.DistanceScale:1.0]]
[2022.01.18-22.36.24:554][  0]LogConfig: Setting CVar [[r.Shadow.CSM.TransitionScale:1.0]]
[2022.01.18-22.36.24:554][  0]LogConfig: Setting CVar [[r.Shadow.PreShadowResolutionFactor:1.0]]
[2022.01.18-22.36.24:554][  0]LogConfig: Setting CVar [[r.DistanceFieldShadowing:1]]
[2022.01.18-22.36.24:554][  0]LogConfig: Setting CVar [[r.DistanceFieldAO:1]]
[2022.01.18-22.36.24:554][  0]LogConfig: Setting CVar [[r.AOQuality:2]]
[2022.01.18-22.36.24:554][  0]LogConfig: Setting CVar [[r.VolumetricFog:1]]
[2022.01.18-22.36.24:554][  0]LogConfig: Setting CVar [[r.VolumetricFog.GridPixelSize:8]]
[2022.01.18-22.36.24:554][  0]LogConfig: Setting CVar [[r.VolumetricFog.GridSizeZ:128]]
[2022.01.18-22.36.24:554][  0]LogConfig: Setting CVar [[r.VolumetricFog.HistoryMissSupersampleCount:4]]
[2022.01.18-22.36.24:554][  0]LogConfig: Setting CVar [[r.LightMaxDrawDistanceScale:1]]
[2022.01.18-22.36.24:554][  0]LogConfig: Setting CVar [[r.CapsuleShadows:1]]
[2022.01.18-22.36.24:554][  0]LogConfig: Applying CVar settings from Section [PostProcessQuality@3] File [D:/FPS/Saved/Config/Windows/Scalability.ini]
[2022.01.18-22.36.24:554][  0]LogConfig: Setting CVar [[r.MotionBlurQuality:4]]
[2022.01.18-22.36.24:554][  0]LogConfig: Setting CVar [[r.AmbientOcclusionMipLevelFactor:0.4]]
[2022.01.18-22.36.24:554][  0]LogConfig: Setting CVar [[r.AmbientOcclusionMaxQuality:100]]
[2022.01.18-22.36.24:554][  0]LogConfig: Setting CVar [[r.AmbientOcclusionLevels:-1]]
[2022.01.18-22.36.24:554][  0]LogConfig: Setting CVar [[r.AmbientOcclusionRadiusScale:1.0]]
[2022.01.18-22.36.24:554][  0]LogConfig: Setting CVar [[r.DepthOfFieldQuality:2]]
[2022.01.18-22.36.24:554][  0]LogConfig: Setting CVar [[r.RenderTargetPoolMin:400]]
[2022.01.18-22.36.24:554][  0]LogConfig: Setting CVar [[r.LensFlareQuality:2]]
[2022.01.18-22.36.24:554][  0]LogConfig: Setting CVar [[r.SceneColorFringeQuality:1]]
[2022.01.18-22.36.24:554][  0]LogConfig: Setting CVar [[r.EyeAdaptationQuality:2]]
[2022.01.18-22.36.24:554][  0]LogConfig: Setting CVar [[r.BloomQuality:5]]
[2022.01.18-22.36.24:554][  0]LogConfig: Setting CVar [[r.FastBlurThreshold:100]]
[2022.01.18-22.36.24:554][  0]LogConfig: Setting CVar [[r.Upscale.Quality:3]]
[2022.01.18-22.36.24:554][  0]LogConfig: Setting CVar [[r.Tonemapper.GrainQuantization:1]]
[2022.01.18-22.36.24:554][  0]LogConfig: Setting CVar [[r.LightShaftQuality:1]]
[2022.01.18-22.36.24:554][  0]LogConfig: Setting CVar [[r.Filter.SizeScale:1]]
[2022.01.18-22.36.24:554][  0]LogConfig: Setting CVar [[r.Tonemapper.Quality:5]]
[2022.01.18-22.36.24:554][  0]LogConfig: Setting CVar [[r.DOF.Gather.AccumulatorQuality:1        ; higher gathering accumulator quality]]
[2022.01.18-22.36.24:554][  0]LogConfig: Setting CVar [[r.DOF.Gather.PostfilterMethod:1          ; Median3x3 postfilering method]]
[2022.01.18-22.36.24:554][  0]LogConfig: Setting CVar [[r.DOF.Gather.EnableBokehSettings:0       ; no bokeh simulation when gathering]]
[2022.01.18-22.36.24:554][  0]LogConfig: Setting CVar [[r.DOF.Gather.RingCount:4                 ; medium number of samples when gathering]]
[2022.01.18-22.36.24:554][  0]LogConfig: Setting CVar [[r.DOF.Scatter.ForegroundCompositing:1    ; additive foreground scattering]]
[2022.01.18-22.36.24:554][  0]LogConfig: Setting CVar [[r.DOF.Scatter.BackgroundCompositing:2    ; additive background scattering]]
[2022.01.18-22.36.24:554][  0]LogConfig: Setting CVar [[r.DOF.Scatter.EnableBokehSettings:1      ; bokeh simulation when scattering]]
[2022.01.18-22.36.24:554][  0]LogConfig: Setting CVar [[r.DOF.Scatter.MaxSpriteRatio:0.1         ; only a maximum of 10% of scattered bokeh]]
[2022.01.18-22.36.24:555][  0]LogConfig: Setting CVar [[r.DOF.Recombine.Quality:1                ; cheap slight out of focus]]
[2022.01.18-22.36.24:555][  0]LogConfig: Setting CVar [[r.DOF.Recombine.EnableBokehSettings:0    ; no bokeh simulation on slight out of focus]]
[2022.01.18-22.36.24:555][  0]LogConfig: Setting CVar [[r.DOF.TemporalAAQuality:1                ; more stable temporal accumulation]]
[2022.01.18-22.36.24:555][  0]LogConfig: Setting CVar [[r.DOF.Kernel.MaxForegroundRadius:0.025]]
[2022.01.18-22.36.24:555][  0]LogConfig: Setting CVar [[r.DOF.Kernel.MaxBackgroundRadius:0.025]]
[2022.01.18-22.36.24:555][  0]LogConfig: Applying CVar settings from Section [TextureQuality@3] File [D:/FPS/Saved/Config/Windows/Scalability.ini]
[2022.01.18-22.36.24:555][  0]LogConfig: Setting CVar [[r.Streaming.MipBias:0]]
[2022.01.18-22.36.24:555][  0]LogConfig: Setting CVar [[r.Streaming.AmortizeCPUToGPUCopy:0]]
[2022.01.18-22.36.24:555][  0]LogConfig: Setting CVar [[r.Streaming.MaxNumTexturesToStreamPerFrame:0]]
[2022.01.18-22.36.24:555][  0]LogConfig: Setting CVar [[r.Streaming.Boost:1]]
[2022.01.18-22.36.24:555][  0]LogConfig: Setting CVar [[r.MaxAnisotropy:8]]
[2022.01.18-22.36.24:555][  0]LogConfig: Setting CVar [[r.VT.MaxAnisotropy:8]]
[2022.01.18-22.36.24:555][  0]LogConfig: Setting CVar [[r.Streaming.LimitPoolSizeToVRAM:0]]
[2022.01.18-22.36.24:555][  0]LogConfig: Setting CVar [[r.Streaming.PoolSize:1000]]
[2022.01.18-22.36.24:555][  0]LogConfig: Setting CVar [[r.Streaming.MaxEffectiveScreenSize:0]]
[2022.01.18-22.36.24:555][  0]LogConfig: Applying CVar settings from Section [EffectsQuality@3] File [D:/FPS/Saved/Config/Windows/Scalability.ini]
[2022.01.18-22.36.24:555][  0]LogConfig: Setting CVar [[r.TranslucencyLightingVolumeDim:64]]
[2022.01.18-22.36.24:555][  0]LogConfig: Setting CVar [[r.RefractionQuality:2]]
[2022.01.18-22.36.24:555][  0]LogConfig: Setting CVar [[r.SSR.Quality:3]]
[2022.01.18-22.36.24:555][  0]LogConfig: Setting CVar [[r.SSR.HalfResSceneColor:0]]
[2022.01.18-22.36.24:555][  0]LogConfig: Setting CVar [[r.SceneColorFormat:4]]
[2022.01.18-22.36.24:555][  0]LogConfig: Setting CVar [[r.DetailMode:2]]
[2022.01.18-22.36.24:555][  0]LogConfig: Setting CVar [[r.TranslucencyVolumeBlur:1]]
[2022.01.18-22.36.24:555][  0]LogConfig: Setting CVar [[r.MaterialQualityLevel:1 ; High quality]]
[2022.01.18-22.36.24:555][  0]LogConfig: Setting CVar [[r.AnisotropicMaterials:1]]
[2022.01.18-22.36.24:555][  0]LogConfig: Setting CVar [[r.SSS.Scale:1]]
[2022.01.18-22.36.24:555][  0]LogConfig: Setting CVar [[r.SSS.SampleSet:2]]
[2022.01.18-22.36.24:555][  0]LogConfig: Setting CVar [[r.SSS.Quality:1]]
[2022.01.18-22.36.24:555][  0]LogConfig: Setting CVar [[r.SSS.HalfRes:0]]
[2022.01.18-22.36.24:555][  0]LogConfig: Setting CVar [[r.SSGI.Quality:3]]
[2022.01.18-22.36.24:555][  0]LogConfig: Setting CVar [[r.EmitterSpawnRateScale:1.0]]
[2022.01.18-22.36.24:555][  0]LogConfig: Setting CVar [[r.ParticleLightQuality:2]]
[2022.01.18-22.36.24:555][  0]LogConfig: Setting CVar [[r.SkyAtmosphere.AerialPerspectiveLUT.FastApplyOnOpaque:1 ; Always have FastSkyLUT 1 in this case to avoid wrong sky]]
[2022.01.18-22.36.24:555][  0]LogConfig: Setting CVar [[r.SkyAtmosphere.AerialPerspectiveLUT.SampleCountMaxPerSlice:4]]
[2022.01.18-22.36.24:555][  0]LogConfig: Setting CVar [[r.SkyAtmosphere.AerialPerspectiveLUT.DepthResolution:16.0]]
[2022.01.18-22.36.24:555][  0]LogConfig: Setting CVar [[r.SkyAtmosphere.FastSkyLUT:1]]
[2022.01.18-22.36.24:555][  0]LogConfig: Setting CVar [[r.SkyAtmosphere.FastSkyLUT.SampleCountMin:4.0]]
[2022.01.18-22.36.24:555][  0]LogConfig: Setting CVar [[r.SkyAtmosphere.FastSkyLUT.SampleCountMax:128.0]]
[2022.01.18-22.36.24:555][  0]LogConfig: Setting CVar [[r.SkyAtmosphere.SampleCountMin:4.0]]
[2022.01.18-22.36.24:555][  0]LogConfig: Setting CVar [[r.SkyAtmosphere.SampleCountMax:128.0]]
[2022.01.18-22.36.24:555][  0]LogConfig: Setting CVar [[r.SkyAtmosphere.TransmittanceLUT.UseSmallFormat:0]]
[2022.01.18-22.36.24:555][  0]LogConfig: Setting CVar [[r.SkyAtmosphere.TransmittanceLUT.SampleCount:10.0]]
[2022.01.18-22.36.24:555][  0]LogConfig: Setting CVar [[r.SkyAtmosphere.MultiScatteringLUT.SampleCount:15.0]]
[2022.01.18-22.36.24:555][  0]LogConfig: Setting CVar [[r.SkyLight.RealTimeReflectionCapture:1]]
[2022.01.18-22.36.24:555][  0]LogConfig: Applying CVar settings from Section [FoliageQuality@3] File [D:/FPS/Saved/Config/Windows/Scalability.ini]
[2022.01.18-22.36.24:555][  0]LogConfig: Setting CVar [[foliage.DensityScale:1.0]]
[2022.01.18-22.36.24:555][  0]LogConfig: Setting CVar [[grass.DensityScale:1.0]]
[2022.01.18-22.36.24:555][  0]LogConfig: Applying CVar settings from Section [ShadingQuality@3] File [D:/FPS/Saved/Config/Windows/Scalability.ini]
[2022.01.18-22.36.24:555][  0]LogConfig: Setting CVar [[r.HairStrands.SkyLighting.IntegrationType:2]]
[2022.01.18-22.36.24:555][  0]LogConfig: Setting CVar [[r.HairStrands.SkyAO.SampleCount:4]]
[2022.01.18-22.36.24:555][  0]LogConfig: Setting CVar [[r.HairStrands.Visibility.MSAA.SamplePerPixel:4]]
[2022.01.18-22.36.24:555][  0]LogConfig: Applying CVar settings from Section [Startup] File [../../../Engine/Config/ConsoleVariables.ini]
[2022.01.18-22.36.24:555][  0]LogConfig: Setting CVar [[net.UseAdaptiveNetUpdateFrequency:0]]
[2022.01.18-22.36.24:555][  0]LogConfig: Setting CVar [[p.chaos.AllowCreatePhysxBodies:1]]
[2022.01.18-22.36.24:555][  0]LogConfig: Setting CVar [[fx.SkipVectorVMBackendOptimizations:1]]
[2022.01.18-22.36.24:555][  0]LogConfig: Applying CVar settings from Section [ConsoleVariables] File [D:/FPS/Saved/Config/Windows/Engine.ini]
[2022.01.18-22.36.24:555][  0]LogConfig: Applying CVar settings from Section [ConsoleVariables] File [D:/FPS/Saved/Config/Windows/Editor.ini]
[2022.01.18-22.36.24:556][  0]LogInit: Computer: LAPTOP-PN9UII8D
[2022.01.18-22.36.24:556][  0]LogInit: User: clark
[2022.01.18-22.36.24:556][  0]LogInit: CPU Page size=4096, Cores=4
[2022.01.18-22.36.24:556][  0]LogInit: High frequency timer resolution =10.000000 MHz
[2022.01.18-22.36.24:556][  0]LogMemory: Memory total: Physical=14.9GB (15GB approx)
[2022.01.18-22.36.24:556][  0]LogMemory: Platform Memory Stats for Windows
[2022.01.18-22.36.24:556][  0]LogMemory: Process Physical Memory: 141.88 MB used, 141.88 MB peak
[2022.01.18-22.36.24:556][  0]LogMemory: Process Virtual Memory: 126.66 MB used, 126.66 MB peak
[2022.01.18-22.36.24:556][  0]LogMemory: Physical Memory: 7535.27 MB used,  7761.75 MB free, 15297.01 MB total
[2022.01.18-22.36.24:556][  0]LogMemory: Virtual Memory: 134211400.00 MB used,  6331.01 MB free, 134217728.00 MB total
[2022.01.18-22.36.24:562][  0]LogWindows: WindowsPlatformFeatures enabled
[2022.01.18-22.36.24:597][  0]LogInit: Physics initialised using underlying interface: PhysX
[2022.01.18-22.36.24:597][  0]LogInit: Using OS detected language (ru-RU).
[2022.01.18-22.36.24:598][  0]LogInit: Using OS detected locale (ru-RU).
[2022.01.18-22.36.24:600][  0]LogTextLocalizationManager: No specific localization for 'ru-RU' exists, so the 'ru' localization will be used.
[2022.01.18-22.36.24:600][  0]LogTextLocalizationResource: LocRes '../../../Engine/Content/Localization/Editor/ru/Editor.locres' could not be opened for reading!
[2022.01.18-22.36.24:600][  0]LogTextLocalizationResource: LocRes '../../../Engine/Content/Localization/EditorTutorials/ru/EditorTutorials.locres' could not be opened for reading!
[2022.01.18-22.36.24:600][  0]LogTextLocalizationResource: LocRes '../../../Engine/Content/Localization/Keywords/ru/Keywords.locres' could not be opened for reading!
[2022.01.18-22.36.24:600][  0]LogTextLocalizationResource: LocRes '../../../Engine/Content/Localization/Category/ru/Category.locres' could not be opened for reading!
[2022.01.18-22.36.24:600][  0]LogTextLocalizationResource: LocRes '../../../Engine/Content/Localization/ToolTips/ru/ToolTips.locres' could not be opened for reading!
[2022.01.18-22.36.24:601][  0]LogTextLocalizationResource: LocRes '../../../Engine/Content/Localization/PropertyNames/ru/PropertyNames.locres' could not be opened for reading!
[2022.01.18-22.36.24:601][  0]LogTextLocalizationResource: LocRes '../../../Engine/Content/Localization/Engine/ru/Engine.locres' could not be opened for reading!
[2022.01.18-22.36.24:601][  0]LogInit: Setting process to per monitor DPI aware
[2022.01.18-22.36.24:621][  0]LogWindowsTextInputMethodSystem: Display: IME system deactivated.
[2022.01.18-22.36.24:644][  0]LogSlate: New Slate User Created.  User Index 0, Is Virtual User: 0
[2022.01.18-22.36.24:644][  0]LogSlate: Slate User Registered.  User Index 0, Is Virtual User: 0
[2022.01.18-22.36.24:822][  0]LogD3D11RHI: Loaded GFSDK_Aftermath_Lib.x64.dll
[2022.01.18-22.36.24:826][  0]LogHMD: Failed to initialize OpenVR with code 110
[2022.01.18-22.36.24:826][  0]LogD3D11RHI: D3D11 min allowed feature level: 11_0
[2022.01.18-22.36.24:826][  0]LogD3D11RHI: D3D11 max allowed feature level: 11_0
[2022.01.18-22.36.24:826][  0]LogD3D11RHI: D3D11 adapters:
[2022.01.18-22.36.24:895][  0]LogD3D11RHI:    0. 'AMD Radeon(TM) Vega 8 Graphics' (Feature Level 11_0)
[2022.01.18-22.36.24:895][  0]LogD3D11RHI:       1009/0/7648 MB DedicatedVideo/DedicatedSystem/SharedSystem, Outputs:2, VendorId:0x1002
[2022.01.18-22.36.24:897][  0]LogD3D11RHI:    1. 'Microsoft Basic Render Driver' (Feature Level 11_0)
[2022.01.18-22.36.24:897][  0]LogD3D11RHI:       0/0/7648 MB DedicatedVideo/DedicatedSystem/SharedSystem, Outputs:0, VendorId:0x1414
[2022.01.18-22.36.24:958][  0]LogD3D11RHI:    2. 'AMD Radeon(TM) Vega 8 Graphics' (Feature Level 11_0)
[2022.01.18-22.36.24:958][  0]LogD3D11RHI:       1009/0/7648 MB DedicatedVideo/DedicatedSystem/SharedSystem, Outputs:0, VendorId:0x1002
[2022.01.18-22.36.24:958][  0]LogD3D11RHI: Chosen D3D11 Adapter:
[2022.01.18-22.36.24:958][  0]LogD3D11RHI:     Description : AMD Radeon(TM) Vega 8 Graphics
[2022.01.18-22.36.24:958][  0]LogD3D11RHI:     VendorId    : 1002
[2022.01.18-22.36.24:958][  0]LogD3D11RHI:     DeviceId    : 15d8
[2022.01.18-22.36.24:958][  0]LogD3D11RHI:     SubSysId    : 3e1419e5
[2022.01.18-22.36.24:958][  0]LogD3D11RHI:     Revision    : 00c2
[2022.01.18-22.36.24:958][  0]LogD3D11RHI:     DedicatedVideoMemory : 1059053568 bytes
[2022.01.18-22.36.24:958][  0]LogD3D11RHI:     DedicatedSystemMemory : 0 bytes
[2022.01.18-22.36.24:958][  0]LogD3D11RHI:     SharedSystemMemory : 8020039680 bytes
[2022.01.18-22.36.24:958][  0]LogD3D11RHI:     AdapterLuid : 0 48744
[2022.01.18-22.36.24:966][  0]LogD3D11RHI: Creating new Direct3DDevice
[2022.01.18-22.36.24:966][  0]LogD3D11RHI:     GPU DeviceId: 0x15d8 (for the marketing name, search the web for "GPU Device Id")
[2022.01.18-22.36.24:966][  0]LogWindows: EnumDisplayDevices:
[2022.01.18-22.36.24:967][  0]LogWindows:    0. 'AMD Radeon(TM) Vega 8 Graphics ' (P:0 D:1)
[2022.01.18-22.36.24:967][  0]LogWindows:    1. 'AMD Radeon(TM) Vega 8 Graphics ' (P:1 D:1)
[2022.01.18-22.36.24:967][  0]LogWindows:    2. 'AMD Radeon(TM) Vega 8 Graphics ' (P:0 D:0)
[2022.01.18-22.36.24:968][  0]LogWindows:    3. 'AMD Radeon(TM) Vega 8 Graphics ' (P:0 D:0)
[2022.01.18-22.36.24:968][  0]LogWindows:    4. 'AMD Radeon(TM) Vega 8 Graphics ' (P:0 D:0)
[2022.01.18-22.36.24:968][  0]LogWindows:    5. 'AMD Radeon(TM) Vega 8 Graphics ' (P:0 D:0)
[2022.01.18-22.36.24:968][  0]LogWindows:    6. 'Virtual Display Device' (P:0 D:0)
[2022.01.18-22.36.24:969][  0]LogWindows: DebugString: PrimaryIsNotTheChoosenAdapter PrimaryIsNotTheChoosenAdapter PrimaryIsNotTheChoosenAdapter PrimaryIsNotTheChoosenAdapter PrimaryIsNotTheChoosenAdapter PrimaryIsNotTheChoosenAdapter GetVideoDriverDetailsInvalid PrimaryIsNotTheChoosenAdapter FoundDriverCount:0 
[2022.01.18-22.36.24:969][  0]LogD3D11RHI:     Adapter Name: AMD Radeon(TM) Vega 8 Graphics
[2022.01.18-22.36.24:969][  0]LogD3D11RHI:   Driver Version: Unknown (internal:Unknown, unified:Unknown)
[2022.01.18-22.36.24:969][  0]LogD3D11RHI:      Driver Date: Unknown
[2022.01.18-22.36.24:969][  0]LogRHI: Texture pool is 5578 MB (70% of 7969 MB)
[2022.01.18-22.36.24:999][  0]LogD3D11RHI: Creating D3DDevice with AMD AGS, using adapter:
[2022.01.18-22.36.24:999][  0]LogD3D11RHI:     Description : AMD Radeon(TM) Vega 8 Graphics
[2022.01.18-22.36.25:000][  0]LogD3D11RHI:     VendorId    : 1002
[2022.01.18-22.36.25:000][  0]LogD3D11RHI:     DeviceId    : 15d8
[2022.01.18-22.36.25:000][  0]LogD3D11RHI:     SubSysId    : 3e1419e5
[2022.01.18-22.36.25:000][  0]LogD3D11RHI:     Revision    : 00c2
[2022.01.18-22.36.25:000][  0]LogD3D11RHI:     DedicatedVideoMemory : 1059053568 bytes
[2022.01.18-22.36.25:000][  0]LogD3D11RHI:     DedicatedSystemMemory : 0 bytes
[2022.01.18-22.36.25:000][  0]LogD3D11RHI:     SharedSystemMemory : 8020039680 bytes
[2022.01.18-22.36.25:000][  0]LogD3D11RHI:     AdapterLuid : 0 48744
[2022.01.18-22.36.25:053][  0]LogD3D11RHI: Created device via AGS, feature level 11_0, supported extensions 1fffffbf.
[2022.01.18-22.36.25:053][  0]LogD3D11RHI: RHI has support for 64 bit atomics
[2022.01.18-22.36.25:053][  0]LogD3D11RHI: Async texture creation enabled
[2022.01.18-22.36.25:053][  0]LogD3D11RHI: Array index from any shader is supported
[2022.01.18-22.36.25:068][  0]LogD3D11RHI: GPU Timing Frequency: 25.000000 (Debug: 2 1)
[2022.01.18-22.36.25:508][  0]LogTargetPlatformManager: Display: Loaded TargetPlatform 'AllDesktop'
[2022.01.18-22.36.25:541][  0]LogTargetPlatformManager: Display: Loaded TargetPlatform 'Android'
[2022.01.18-22.36.25:541][  0]LogTargetPlatformManager: Display: Loaded TargetPlatform 'Android_ASTC'
[2022.01.18-22.36.25:541][  0]LogTargetPlatformManager: Display: Loaded TargetPlatform 'Android_DXT'
[2022.01.18-22.36.25:542][  0]LogTargetPlatformManager: Display: Loaded TargetPlatform 'Android_ETC2'
[2022.01.18-22.36.25:542][  0]LogTargetPlatformManager: Display: Loaded TargetPlatform 'AndroidClient'
[2022.01.18-22.36.25:542][  0]LogTargetPlatformManager: Display: Loaded TargetPlatform 'Android_ASTCClient'
[2022.01.18-22.36.25:542][  0]LogTargetPlatformManager: Display: Loaded TargetPlatform 'Android_DXTClient'
[2022.01.18-22.36.25:542][  0]LogTargetPlatformManager: Display: Loaded TargetPlatform 'Android_ETC2Client'
[2022.01.18-22.36.25:542][  0]LogTargetPlatformManager: Display: Loaded TargetPlatform 'Android_Multi'
[2022.01.18-22.36.25:542][  0]LogTargetPlatformManager: Display: Loaded TargetPlatform 'Android_MultiClient'
[2022.01.18-22.36.25:569][  0]LogTargetPlatformManager: Display: Loaded TargetPlatform 'IOSClient'
[2022.01.18-22.36.25:569][  0]LogTargetPlatformManager: Display: Loaded TargetPlatform 'IOS'
[2022.01.18-22.36.25:582][  0]LogTargetPlatformManager: Display: Loaded TargetPlatform 'Linux'
[2022.01.18-22.36.25:589][  0]LogTargetPlatformManager: Display: Loaded TargetPlatform 'LinuxNoEditor'
[2022.01.18-22.36.25:596][  0]LogTargetPlatformManager: Display: Loaded TargetPlatform 'LinuxClient'
[2022.01.18-22.36.25:603][  0]LogTargetPlatformManager: Display: Loaded TargetPlatform 'LinuxServer'
[2022.01.18-22.36.25:617][  0]LogTargetPlatformManager: Display: Loaded TargetPlatform 'LinuxAArch64NoEditor'
[2022.01.18-22.36.25:624][  0]LogTargetPlatformManager: Display: Loaded TargetPlatform 'LinuxAArch64Client'
[2022.01.18-22.36.25:630][  0]LogTargetPlatformManager: Display: Loaded TargetPlatform 'LinuxAArch64Server'
[2022.01.18-22.36.25:660][  0]LogTargetPlatformManager: Display: Loaded TargetPlatform 'Lumin'
[2022.01.18-22.36.25:660][  0]LogTargetPlatformManager: Display: Loaded TargetPlatform 'LuminClient'
[2022.01.18-22.36.25:670][  0]LogTargetPlatformManager: Display: Loaded TargetPlatform 'MacNoEditor'
[2022.01.18-22.36.25:676][  0]LogTargetPlatformManager: Display: Loaded TargetPlatform 'Mac'
[2022.01.18-22.36.25:682][  0]LogTargetPlatformManager: Display: Loaded TargetPlatform 'MacClient'
[2022.01.18-22.36.25:688][  0]LogTargetPlatformManager: Display: Loaded TargetPlatform 'MacServer'
[2022.01.18-22.36.25:701][  0]LogTargetPlatformManager: Display: Loaded TargetPlatform 'TVOSClient'
[2022.01.18-22.36.25:701][  0]LogTargetPlatformManager: Display: Loaded TargetPlatform 'TVOS'
[2022.01.18-22.36.25:715][  0]LogTargetPlatformManager: Display: Loaded TargetPlatform 'WindowsNoEditor'
[2022.01.18-22.36.25:722][  0]LogTargetPlatformManager: Display: Loaded TargetPlatform 'Windows'
[2022.01.18-22.36.25:728][  0]LogTargetPlatformManager: Display: Loaded TargetPlatform 'WindowsClient'
[2022.01.18-22.36.25:734][  0]LogTargetPlatformManager: Display: Loaded TargetPlatform 'WindowsServer'
[2022.01.18-22.36.25:734][  0]LogTargetPlatformManager: Display: Building Assets For Windows
[2022.01.18-22.36.25:744][  0]LogAudioDebug: Display: Lib vorbis DLL was dynamically loaded.
[2022.01.18-22.36.25:792][  0]LogTextureFormatOodle: Display: Oodle Texture 2.9.0 init RDO Off
[2022.01.18-22.36.25:839][  0]LogRendererCore: Ray tracing is disabled. Reason: r.RayTracing=0.
[2022.01.18-22.36.25:839][  0]LogShaderCompilers: Guid format shader working directory is 31 characters bigger than the processId version (../../../../FPS/Intermediate/Shaders/WorkingDirectory/4972/).
[2022.01.18-22.36.25:840][  0]LogShaderCompilers: Cleaned the shader compiler working directory 'C:/Users/clark/AppData/Local/Temp/UnrealShaderWorkingDir/32AFC4274D04D117D103BC8CA1EF4214/'.
[2022.01.18-22.36.25:840][  0]LogXGEController: Cannot use XGE Controller as Incredibuild is not installed on this machine.
[2022.01.18-22.36.25:840][  0]LogShaderCompilers: Cannot use XGE Shader Compiler as Incredibuild is not installed on this machine.
[2022.01.18-22.36.25:840][  0]LogShaderCompilers: Display: Using Local Shader Compiler.
[2022.01.18-22.36.26:724][  0]LogDerivedDataCache: Display: Max Cache Size: 512 MB
[2022.01.18-22.36.26:783][  0]LogDerivedDataCache: Loaded boot cache 0.06s 94MB C:/Users/clark/AppData/Local/UnrealEngine/4.27/DerivedDataCache/Boot.ddc.
[2022.01.18-22.36.26:783][  0]LogDerivedDataCache: Display: Loaded Boot cache: C:/Users/clark/AppData/Local/UnrealEngine/4.27/DerivedDataCache/Boot.ddc
[2022.01.18-22.36.26:783][  0]LogDerivedDataCache: FDerivedDataBackendGraph:  Pak pak cache file ../../../../FPS/DerivedDataCache/DDC.ddp not found, will not use a pak cache.
[2022.01.18-22.36.26:783][  0]LogDerivedDataCache: Unable to find inner node Pak for hierarchical cache Hierarchy.
[2022.01.18-22.36.26:783][  0]LogDerivedDataCache: FDerivedDataBackendGraph:  CompressedPak pak cache file ../../../../FPS/DerivedDataCache/Compressed.ddp not found, will not use a pak cache.
[2022.01.18-22.36.26:784][  0]LogDerivedDataCache: Unable to find inner node CompressedPak for hierarchical cache Hierarchy.
[2022.01.18-22.36.26:806][  0]LogDerivedDataCache: Display: Pak cache opened for reading ../../../Engine/DerivedDataCache/Compressed.ddp.
[2022.01.18-22.36.26:806][  0]LogDerivedDataCache: FDerivedDataBackendGraph:  EnterprisePak pak cache file ../../../Enterprise/DerivedDataCache/Compressed.ddp not found, will not use a pak cache.
[2022.01.18-22.36.26:806][  0]LogDerivedDataCache: Unable to find inner node EnterprisePak for hierarchical cache Hierarchy.
[2022.01.18-22.36.26:827][  0]LogDerivedDataCache: Speed tests for C:/Users/clark/AppData/Local/UnrealEngine/Common/DerivedDataCache took 0.02 seconds
[2022.01.18-22.36.26:827][  0]LogDerivedDataCache: Display: Performance to C:/Users/clark/AppData/Local/UnrealEngine/Common/DerivedDataCache: Latency=0.03ms. RandomReadSpeed=1163.42MBs, RandomWriteSpeed=46.62MBs. Assigned SpeedClass 'Local'
[2022.01.18-22.36.26:828][  0]LogDerivedDataCache: Using Local data cache path C:/Users/clark/AppData/Local/UnrealEngine/Common/DerivedDataCache: Writable
[2022.01.18-22.36.26:828][  0]LogDerivedDataCache: Shared data cache path not found in *engine.ini, will not use an Shared cache.
[2022.01.18-22.36.26:828][  0]LogDerivedDataCache: Unable to find inner node Shared for hierarchical cache Hierarchy.
[2022.01.18-22.36.26:905][  0]LogSlate: Using FreeType 2.10.0
[2022.01.18-22.36.26:905][  0]LogSlate: SlateFontServices - WITH_FREETYPE: 1, WITH_HARFBUZZ: 1
[2022.01.18-22.36.26:934][  0]LogAssetRegistry: FAssetRegistry took 0.0039 seconds to start up
[2022.01.18-22.36.27:269][  0]LogInit: Selected Device Profile: [Windows]
[2022.01.18-22.36.27:269][  0]LogInit: Active device profile: [0000024D3829FF00][0000024D2B0E4D80 49] Windows
[2022.01.18-22.36.27:269][  0]LogInit: Profiles: [0000024D3829FF00][0000024D2B0E4D80 49] Windows, [0000024D382CBF00][0000024D2B0F2F00 49] WindowsNoEditor, [0000024D3829C500][0000024D2B0F7080 49] WindowsServer, [0000024D382C8600][0000024D2B0FB200 49] WindowsClient, [0000024D3829FD00][0000024D38911380 49] IOS, [0000024D382C8100][0000024D38915500 49] iPadAir, [0000024D3829C200][0000024D3892D680 49] iPadAir2, [0000024D38241200][0000024D38A41940 49] IPadPro, [0000024D38241300][0000024D38F6D980 49] iPadAir3, [0000024D3829FB00][0000024D38A9BB00 49] iPadAir4, [0000024D38240700][0000024D38A9E100 49] iPadMini2, [0000024D3829C400][0000024D38AA2280 49] iPadMini3, [0000024D38241700][0000024D38AA6400 49] iPadMini4, [0000024D3829FA00][0000024D2B0E8540 49] iPadMini5, [0000024D382C9300][0000024D38AB4780 49] iPhone6, [0000024D382C9400][0000024D38AB07C0 49] iPodTouch6, [0000024D38243B00][0000024D38ABCA40 49] iPhone7, [0000024D38243A00][0000024D364A0A80 49] iPodTouch7, [0000024D382C8900][0000024D38AC0C00 49] iPhone5S, [0000024D38240C00][0000024D2DE9CD80 49] iPhone6Plus, [0000024D382C9800][0000024D38AC4F00 49] iPhone6S, [0000024D38243800][0000024D39AC7080 49] iPhone6SPlus, [0000024D382C8C00][0000024D365BF200 49] iPhone7Plus, [0000024D38241100][0000024D365C3380 49] iPhoneSE, [0000024D382C9A00][0000024D365C7500 49] iPhone8, [0000024D38243600][0000024D365CB680 49] iPhone8Plus, [0000024D382C8300][0000024D365CF800 49] iPhoneX, [0000024D38240200][0000024D365D3980 49] iPhoneXS, [0000024D382C9E00][0000024D365D7B00 49] iPhoneXSMax, [0000024D38243100][0000024D365DA100 49] iPhoneXR, [0000024D382CB900][0000024D365DE280 49] iPhone11, [0000024D38241900][0000024D364EA400 49] iPhone11Pro, [0000024D382CA200][0000024D364E0580 49] iPhone11ProMax, [0000024D38242D00][0000024D2DEA0700 49] iPhoneSE2, [0000024D382CBB00][0000024D38AB8840 49] iPhone12Mini, [0000024D38241B00][0000024D2A840980 49] iPhone12, [0000024D382CA600][0000024D2A75AAC0 49] iPhone12Pro, [0000024D38240500][0000024D36526C40 49] iPhone12ProMax, [0000024D382CB500][0000024D36522DC0 49] iPadPro105, [0000024D38241F00][0000024D38AC8F40 49] iPadPro129, [0000024D382C9200][0000024D38ACD0C0 49] iPadPro97, [0000024D38241000][0000024D38AD1240 49] iPadPro2_129, [0000024D382CAD00][0000024D38AD53C0 49] iPad5, [0000024D38243C00][0000024D38AD9540 49] iPad6, [0000024D382C9100][0000024D38ADD6C0 49] iPad7, [0000024D38240900][0000024D38AE1840 49] iPad8, [0000024D382CAB00][0000024D38AE59C0 49] iPadPro11, [0000024D38242200][0000024D38AE9B40 49] iPadPro2_11, [0000024D382CA900][0000024D38AEC140 49] iPadPro3_129, [0000024D38242600][0000024D38AF02C0 49] iPadPro4_129, [0000024D382CAF00][0000024D38AF4440 49] AppleTV, [0000024D38242500][0000024D38AF85C0 49] AppleTV4K, [0000024D382C9600][0000024D38AFC740 49] TVOS, [0000024D38243400][0000024D38B008C0 49] Mac, [0000024D382CA700][0000024D38B42A00 49] MacClient, [0000024D38242E00][0000024D39AE2B40 49] MacNoEditor, [0000024D382C8E00][0000024D39AE6C80 49] MacServer, [0000024D38243F00][0000024D39AEADC0 49] Linux, [0000024D382C9700][0000024D39AF2F40 49] LinuxAArch64, [0000024D38243900][0000024D39AF70C0 49] LinuxNoEditor, [0000024D382C8800][0000024D39AFB240 49] LinuxAArch64NoEditor, [0000024D38243D00][0000024D39AFF3C0 49] LinuxClient, [0000024D382CAC00][0000024D39B03540 49] LinuxAArch64Client, [0000024D38241C00][0000024D39B076C0 49] LinuxServer, [0000024D382C9F00][0000024D39B0B840 49] LinuxAArch64Server, [0000024D38242900][0000024D39B0F9C0 49] Android, [0000024D382C9B00][0000024D39B13B40 49] Android_Low, [0000024D38242400][0000024D39B16140 49] Android_Mid, [0000024D382CB800][0000024D39B1A2C0 49] Android_High, [0000024D38242F00][0000024D39B1E440 49] Android_Default, [0000024D382C8D00][0000024D39B225C0 49] Android_Adreno4xx, [0000024D3829C600][0000024D39B26740 49] Android_Adreno5xx_Low, [0000024D3834A900][0000024D39B2A8C0 49] Android_Adreno5xx, [0000024D3829CC00][0000024D39B2EA40 49] Android_Adreno6xx, [0000024D38348600][0000024D39AEEB80 49] Android_Adreno6xx_Vulkan, [0000024D3829D500][0000024D39B32CC0 49] Android_Mali_T6xx, [0000024D38349200][0000024D39B36E00 49] Android_Mali_T7xx, [0000024D3829EA00][0000024D39B3AF40 49] Android_Mali_T8xx, [0000024D3834A200][0000024D365E70C0 49] Android_Mali_G71, [0000024D3829D900][0000024D365EB240 49] Android_Mali_G72, [0000024D38348B00][0000024D365EF3C0 49] Android_Mali_G72_Vulkan, [0000024D3829E400][0000024D365F3540 49] Android_Mali_G76, [0000024D38349F00][0000024D365F76C0 49] Android_Mali_G76_Vulkan, [0000024D3829C900][0000024D365FB840 49] Android_Mali_G77, [0000024D38348900][0000024D365FF9C0 49] Android_Mali_G77_Vulkan, [0000024D3829C100][0000024D36603B40 49] Android_Mali_G78, [0000024D3834A500][0000024D36606140 49] Android_Mali_G78_Vulkan, [0000024D3829ED00][0000024D3660A2C0 49] Android_Mali_G710, [0000024D38349800][0000024D3660E440 49] Android_Mali_G710_Vulkan, [0000024D3829DF00][0000024D366125C0 49] Android_Vulkan_SM5, [0000024D38348200][0000024D36616740 49] Android_PowerVR_G6xxx, [0000024D3829DD00][0000024D3661A8C0 49] Android_PowerVR_GT7xxx, [0000024D38348100][0000024D3661EA40 49] Android_PowerVR_GE8xxx, [0000024D382CB100][0000024D36622BC0 49] Android_PowerVR_GM9xxx, [0000024D38348300][0000024D36626D40 49] Android_PowerVR_GM9xxx_Vulkan, [0000024D382CAA00][0000024D365E2E80 49] Android_TegraK1, [0000024D38349700][0000024D3662AFC0 49] Android_Unknown_Vulkan, [0000024D382CA100][0000024D3662F100 49] Lumin, [0000024D38349300][0000024D36637280 49] Lumin_Desktop, [0000024D382C8F00][0000024D3663B400 49] HoloLens, 
[2022.01.18-22.36.27:423][  0]LogMeshReduction: Using QuadricMeshReduction for automatic static mesh reduction
[2022.01.18-22.36.27:423][  0]LogMeshReduction: Using SimplygonMeshReduction for automatic skeletal mesh reduction
[2022.01.18-22.36.27:423][  0]LogMeshReduction: Using ProxyLODMeshReduction for automatic mesh merging
[2022.01.18-22.36.27:423][  0]LogMeshReduction: No distributed automatic mesh merging module available
[2022.01.18-22.36.27:423][  0]LogMeshMerging: No distributed automatic mesh merging module available
[2022.01.18-22.36.27:441][  0]LogNetVersion: FPS 1.0.0, NetCL: 17155196, EngineNetVer: 17, GameNetVer: 0 (Checksum: 624169647)
[2022.01.18-22.36.27:901][  0]LogTexture: Default maximum texture size for cubemaps generated from long-lat sources has been changed from 512 to unlimited. In order to preserve old behaiour for '/Engine/MapTemplates/Sky/DaylightAmbientCubemap.DaylightAmbientCubemap', its maximum texture size has been explicitly set to 512.
[2022.01.18-22.36.27:962][  0]LogHMD: PokeAHoleMaterial loaded successfully
[2022.01.18-22.36.27:970][  0]LogUObjectArray: 17178 objects as part of root set at end of initial load.
[2022.01.18-22.36.27:970][  0]LogUObjectAllocator: 4302048 out of 0 bytes used by permanent object pool.
[2022.01.18-22.36.27:970][  0]LogUObjectArray: CloseDisregardForGC: 0/0 objects in disregard for GC pool
[2022.01.18-22.36.28:335][  0]LogPython: Using Python 3.7.7
[2022.01.18-22.36.28:977][  0]LogNiagaraDebuggerClient: Niagara Debugger Client Initialized | Session: 57CAC3CC4789FCF5F8A345AF48CC9815 | Instance: 172112F84E68CF99841640B3A0CA541B (LAPTOP-PN9UII8D-4972).
[2022.01.18-22.36.29:181][  0]LogTcpMessaging: Initializing TcpMessaging bridge
[2022.01.18-22.36.29:188][  0]LogUdpMessaging: Initializing bridge on interface 0.0.0.0:0 to multicast group 230.0.0.1:6666.
[2022.01.18-22.36.29:642][  0]SourceControl: Source control is disabled
[2022.01.18-22.36.29:642][  0]SourceControl: Source control is disabled
[2022.01.18-22.36.29:647][  0]SourceControl: Source control is disabled
[2022.01.18-22.36.29:651][  0]SourceControl: Source control is disabled
[2022.01.18-22.36.29:663][  0]SourceControl: Source control is disabled
[2022.01.18-22.36.29:672][  0]LogUProjectInfo: Found projects:
[2022.01.18-22.36.29:690][  0]LogOpenImageDenoise: OIDN starting up
[2022.01.18-22.36.29:776][  0]LogAndroidPermission: UAndroidPermissionCallbackProxy::GetInstance
[2022.01.18-22.36.29:808][  0]LogAudioCaptureCore: Display: No Audio Capture implementations found. Audio input will be silent.
[2022.01.18-22.36.29:808][  0]LogAudioCaptureCore: Display: No Audio Capture implementations found. Audio input will be silent.
[2022.01.18-22.36.30:014][  0]LogCollectionManager: Loaded 0 collections in 0.000813 seconds
[2022.01.18-22.36.30:054][  0]LogFileCache: Scanning file cache for directory 'D:/FPS/Saved/Collections/' took 0.00s
[2022.01.18-22.36.30:054][  0]LogFileCache: Scanning file cache for directory 'D:/FPS/Content/Developers/clark/Collections/' took 0.00s
[2022.01.18-22.36.30:054][  0]LogFileCache: Scanning file cache for directory 'D:/FPS/Content/Collections/' took 0.00s
[2022.01.18-22.36.30:054][  0]LogOcInput: OculusInput pre-init called
[2022.01.18-22.36.30:349][  0]LogEngine: Initializing Engine...
[2022.01.18-22.36.30:352][  0]LogHMD: Failed to enumerate extensions. Please check that you have a valid OpenXR runtime installed.
[2022.01.18-22.36.30:353][  0]LogHMD: Failed to initialize OpenVR with code 110
[2022.01.18-22.36.30:353][  0]LogMagicLeap: Warning: VR disabled because ZI is not enabled.  To enable, in the editor, Edit -> Project Settings -> Plugins -> Magic Leap Plugin -> Enable Zero Iteration
[2022.01.18-22.36.30:354][  0]LogStats: UGameplayTagsManager::InitializeManager -  0.000 s
[2022.01.18-22.36.30:503][  0]LogInit: Initializing FReadOnlyCVARCache
[2022.01.18-22.36.30:516][  0]LogAIModule: Creating AISystem for world Untitled
[2022.01.18-22.36.30:529][  0]LogAudio: Display: Initializing Audio Device Manager...
[2022.01.18-22.36.30:535][  0]LogAudio: Display: Loading Default Audio Settings Objects...
[2022.01.18-22.36.30:536][  0]LogAudio: Display: No default SoundConcurrencyObject specified (or failed to load).
[2022.01.18-22.36.30:537][  0]LogAudio: Display: Audio Device Manager Initialized
[2022.01.18-22.36.30:537][  0]LogAudio: Display: Creating Audio Device:                 Id: 1, Scope: Shared, Realtime: True
[2022.01.18-22.36.30:537][  0]LogAudioMixer: Display: Audio Mixer Platform Settings:
[2022.01.18-22.36.30:537][  0]LogAudioMixer: Display: 	Sample Rate:						  48000
[2022.01.18-22.36.30:537][  0]LogAudioMixer: Display: 	Callback Buffer Frame Size Requested: 1024
[2022.01.18-22.36.30:537][  0]LogAudioMixer: Display: 	Callback Buffer Frame Size To Use:	  1024
[2022.01.18-22.36.30:537][  0]LogAudioMixer: Display: 	Number of buffers to queue:			  2
[2022.01.18-22.36.30:537][  0]LogAudioMixer: Display: 	Max Channels (voices):				  32
[2022.01.18-22.36.30:537][  0]LogAudioMixer: Display: 	Number of Async Source Workers:		  0
[2022.01.18-22.36.30:537][  0]LogAudio: Display: AudioDevice MaxSources: 32
[2022.01.18-22.36.30:537][  0]LogAudio: Display: Audio Spatialization Plugin: None (built-in).
[2022.01.18-22.36.30:537][  0]LogAudio: Display: Audio Reverb Plugin: None (built-in).
[2022.01.18-22.36.30:537][  0]LogAudio: Display: Audio Occlusion Plugin: None (built-in).
[2022.01.18-22.36.30:537][  0]LogAudioMixer: Display: Initializing audio mixer.
[2022.01.18-22.36.30:550][  0]LogAudioMixer: Display: 0: FrontLeft
[2022.01.18-22.36.30:550][  0]LogAudioMixer: Display: 1: FrontRight
[2022.01.18-22.36.30:572][  0]LogAudioMixer: Display: Using Audio Device Динамики (Realtek(R) Audio)
[2022.01.18-22.36.30:576][  0]LogAudioMixer: Display: Initializing Sound Submixes...
[2022.01.18-22.36.30:578][  0]LogAudioMixer: Display: Creating Master Submix 'MasterSubmixDefault'
[2022.01.18-22.36.30:578][  0]LogAudioMixer: Display: Creating Master Submix 'MasterReverbSubmixDefault'
[2022.01.18-22.36.30:579][  0]LogAudioMixer: Display: Creating Master Submix 'MasterEQSubmixDefault'
[2022.01.18-22.36.30:580][  0]LogAudioMixer: FMixerPlatformXAudio2::StartAudioStream() called
[2022.01.18-22.36.30:580][  0]LogAudioMixer: Display: Output buffers initialized: Frames=1024, Channels=2, Samples=2048
[2022.01.18-22.36.30:581][  0]LogAudioMixer: Display: Starting AudioMixerPlatformInterface::RunInternal()
[2022.01.18-22.36.30:581][  0]LogAudioMixer: Display: FMixerPlatformXAudio2::SubmitBuffer() called for the first time
[2022.01.18-22.36.30:581][  0]LogInit: FAudioDevice initialized.
[2022.01.18-22.36.30:582][  0]LogAudio: Display: Audio Device (ID: 1) registered with world 'Untitled'.
[2022.01.18-22.36.30:582][  0]LogNetVersion: Set ProjectVersion to 1.0.0.0. Version Checksum will be recalculated on next use.
[2022.01.18-22.36.30:669][  0]LogDerivedDataCache: Saved boot cache 0.09s 94MB C:/Users/clark/AppData/Local/UnrealEngine/4.27/DerivedDataCache/Boot.ddc.
[2022.01.18-22.36.30:670][  0]LogInit: Texture streaming: Enabled
[2022.01.18-22.36.30:687][  0]LogAnalytics: Display: [UEEditor.Rocket.Release] APIServer = https://datarouter.ol.epicgames.com/. AppVersion = 4.27.2-18319896+++UE4+Release-4.27
[2022.01.18-22.36.30:692][  0]LogEngineSessionManager: EngineSessionManager initialized
[2022.01.18-22.36.30:692][  0]LogEditorSessionSummary: Verbose: Initializing EditorSessionSummaryWriter for editor session tracking
[2022.01.18-22.36.30:693][  0]LogEditorSessionSummary: EditorSessionSummaryWriter initialized
[2022.01.18-22.36.30:731][  0]LogInit: Transaction tracking system initialized
[2022.01.18-22.36.30:764][  0]BlueprintLog: New page: Editor Load
[2022.01.18-22.36.30:845][  0]LocalizationService: Localization service is disabled
[2022.01.18-22.36.30:879][  0]TimingProfiler: Initialize
[2022.01.18-22.36.30:879][  0]TimingProfiler: OnSessionChanged
[2022.01.18-22.36.30:879][  0]LoadingProfiler: Initialize
[2022.01.18-22.36.30:879][  0]LoadingProfiler: OnSessionChanged
[2022.01.18-22.36.30:879][  0]NetworkingProfiler: Initialize
[2022.01.18-22.36.30:879][  0]NetworkingProfiler: OnSessionChanged
[2022.01.18-22.36.30:879][  0]MemoryProfiler: Initialize
[2022.01.18-22.36.30:879][  0]MemoryProfiler: OnSessionChanged
[2022.01.18-22.36.31:071][  0]LogCook: Display: CookSettings for Memory: MemoryMaxUsedVirtual 0MiB, MemoryMaxUsedPhysical 16384MiB, MemoryMinFreeVirtual 0MiB, MemoryMinFreePhysical 1024MiB
[2022.01.18-22.36.31:071][  0]LogCook: Display: Mobile HDR setting 1
[2022.01.18-22.36.31:160][  0]LogFileCache: Scanning file cache for directory 'D:/FPS/Content/' took 0.01s
[2022.01.18-22.36.31:558][  0]LogInit: Display: Engine is initialized. Leaving FEngineLoop::Init()
[2022.01.18-22.36.31:562][  0]SourceControl: Source control is disabled
[2022.01.18-22.36.31:562][  0]LogUnrealEdMisc: Loading editor; pre map load, took 8.366
[2022.01.18-22.36.31:562][  0]Cmd: MAP LOAD FILE="../../../../FPS/Content/Maps/ThirdPersonExampleMap.umap" TEMPLATE=0 SHOWPROGRESS=1 FEATURELEVEL=3
[2022.01.18-22.36.31:562][  0]LightingResults: New page: Lighting Build
[2022.01.18-22.36.31:564][  0]LogWorld: UWorld::CleanupWorld for Untitled, bSessionEnded=true, bCleanupResources=true
[2022.01.18-22.36.31:564][  0]LogSlate: InvalidateAllWidgets triggered.  All widgets were invalidated
[2022.01.18-22.36.31:564][  0]MapCheck: New page: Map Check
[2022.01.18-22.36.31:564][  0]LightingResults: New page: Lighting Build
[2022.01.18-22.36.31:571][  0]LogAudio: Display: Audio Device unregistered from world 'None'.
[2022.01.18-22.36.31:575][  0]LogUObjectHash: Compacting FUObjectHashTables data took   1.11ms
[2022.01.18-22.36.31:643][  0]LogBlueprint: Warning: [AssetLog] D:\FPS\Content\Assets\MyHuman\Animations\AnimStarterPack\Ue4ASP_Character.uasset: [Compiler] InputAction Event references unknown Action 'Crouch' for  InputAction Crouch
[2022.01.18-22.36.32:368][  0]LogAudio: Display: Audio Device (ID: 1) registered with world 'ThirdPersonExampleMap'.
[2022.01.18-22.36.32:369][  0]LogAIModule: Creating AISystem for world ThirdPersonExampleMap
[2022.01.18-22.36.32:392][  0]LogEditorServer: Finished looking for orphan Actors (0.000 secs)
[2022.01.18-22.36.32:409][  0]LogUObjectHash: Compacting FUObjectHashTables data took   1.46ms
[2022.01.18-22.36.32:410][  0]Cmd: MAP CHECKDEP NOCLEARLOG
[2022.01.18-22.36.32:410][  0]MapCheck: Map check complete: 0 Error(s), 0 Warning(s), took 0,148ms to complete.
[2022.01.18-22.36.32:410][  0]LogFileHelpers: Loading map 'ThirdPersonExampleMap' took 0.849
[2022.01.18-22.36.32:413][  0]LogUnrealEdMisc: Total Editor Startup Time, took 9.217
[2022.01.18-22.36.32:535][  0]LogSlate: Updating window title bar state: overlay mode, drag disabled, window buttons hidden, title bar hidden
[2022.01.18-22.36.32:543][  0]LogSlate: Updating window title bar state: overlay mode, drag disabled, window buttons hidden, title bar hidden
[2022.01.18-22.36.32:552][  0]LogSlate: Updating window title bar state: overlay mode, drag disabled, window buttons hidden, title bar hidden
[2022.01.18-22.36.32:560][  0]LogSlate: Updating window title bar state: overlay mode, drag disabled, window buttons hidden, title bar hidden
[2022.01.18-22.36.32:578][  0]LogNativeClassHierarchy: Verbose: Native class hierarchy populated in 0.0134 seconds. Added 3822 classes and 928 folders.
[2022.01.18-22.36.32:581][  0]LogNativeClassHierarchy: Verbose: Native class hierarchy updated for 'WidgetCarousel' in 0.0004 seconds. Added 0 classes and 0 folders.
[2022.01.18-22.36.32:582][  0]LogPakFile: PakFile PrimaryIndexSize=187
[2022.01.18-22.36.32:582][  0]LogPakFile: PakFile PathHashIndexSize=101
[2022.01.18-22.36.32:582][  0]LogPakFile: PakFile FullDirectoryIndexSize=148
[2022.01.18-22.36.32:582][  0]LogShaderLibrary: Display: ShaderCodeLibraryPakFileMountedCallback: PakFile 'D:/UE_4.27/FeaturePacks/FP_FirstPerson.upack' (chunk index -1, root 'root:/') mounted
[2022.01.18-22.36.32:582][  0]LogShaderLibrary: Display: ShaderCodeLibraryPakFileMountedCallback: pending pak file info (ChunkID:-1 Root:root:/ File:D:/UE_4.27/FeaturePacks/FP_FirstPerson.upack)
[2022.01.18-22.36.32:582][  0]LogPakFile: OnPakFileMounted2Time == 0.000074
[2022.01.18-22.36.32:583][  0]LogPakFile: PakFile PrimaryIndexSize=189
[2022.01.18-22.36.32:583][  0]LogPakFile: PakFile PathHashIndexSize=101
[2022.01.18-22.36.32:583][  0]LogPakFile: PakFile FullDirectoryIndexSize=152
[2022.01.18-22.36.32:583][  0]LogShaderLibrary: Display: ShaderCodeLibraryPakFileMountedCallback: PakFile 'D:/UE_4.27/FeaturePacks/FP_FirstPersonBP.upack' (chunk index -1, root 'root:/') mounted
[2022.01.18-22.36.32:583][  0]LogShaderLibrary: Display: ShaderCodeLibraryPakFileMountedCallback: pending pak file info (ChunkID:-1 Root:root:/ File:D:/UE_4.27/FeaturePacks/FP_FirstPersonBP.upack)
[2022.01.18-22.36.32:583][  0]LogPakFile: OnPakFileMounted2Time == 0.000053
[2022.01.18-22.36.32:584][  0]LogPakFile: PakFile PrimaryIndexSize=191
[2022.01.18-22.36.32:584][  0]LogPakFile: PakFile PathHashIndexSize=101
[2022.01.18-22.36.32:584][  0]LogPakFile: PakFile FullDirectoryIndexSize=160
[2022.01.18-22.36.32:584][  0]LogShaderLibrary: Display: ShaderCodeLibraryPakFileMountedCallback: PakFile 'D:/UE_4.27/FeaturePacks/MobileStarterContent.upack' (chunk index -1, root 'root:/') mounted
[2022.01.18-22.36.32:584][  0]LogShaderLibrary: Display: ShaderCodeLibraryPakFileMountedCallback: pending pak file info (ChunkID:-1 Root:root:/ File:D:/UE_4.27/FeaturePacks/MobileStarterContent.upack)
[2022.01.18-22.36.32:584][  0]LogPakFile: OnPakFileMounted2Time == 0.000044
[2022.01.18-22.36.32:584][  0]LogPakFile: PakFile PrimaryIndexSize=185
[2022.01.18-22.36.32:584][  0]LogPakFile: PakFile PathHashIndexSize=101
[2022.01.18-22.36.32:584][  0]LogPakFile: PakFile FullDirectoryIndexSize=148
[2022.01.18-22.36.32:584][  0]LogShaderLibrary: Display: ShaderCodeLibraryPakFileMountedCallback: PakFile 'D:/UE_4.27/FeaturePacks/StarterContent.upack' (chunk index -1, root 'root:/') mounted
[2022.01.18-22.36.32:584][  0]LogShaderLibrary: Display: ShaderCodeLibraryPakFileMountedCallback: pending pak file info (ChunkID:-1 Root:root:/ File:D:/UE_4.27/FeaturePacks/StarterContent.upack)
[2022.01.18-22.36.32:584][  0]LogPakFile: OnPakFileMounted2Time == 0.000043
[2022.01.18-22.36.32:585][  0]LogPakFile: PakFile PrimaryIndexSize=190
[2022.01.18-22.36.32:585][  0]LogPakFile: PakFile PathHashIndexSize=101
[2022.01.18-22.36.32:585][  0]LogPakFile: PakFile FullDirectoryIndexSize=154
[2022.01.18-22.36.32:585][  0]LogShaderLibrary: Display: ShaderCodeLibraryPakFileMountedCallback: PakFile 'D:/UE_4.27/FeaturePacks/TP_2DSideScroller.upack' (chunk index -1, root 'root:/') mounted
[2022.01.18-22.36.32:585][  0]LogShaderLibrary: Display: ShaderCodeLibraryPakFileMountedCallback: pending pak file info (ChunkID:-1 Root:root:/ File:D:/UE_4.27/FeaturePacks/TP_2DSideScroller.upack)
[2022.01.18-22.36.32:585][  0]LogPakFile: OnPakFileMounted2Time == 0.000042
[2022.01.18-22.36.32:585][  0]LogPakFile: PakFile PrimaryIndexSize=192
[2022.01.18-22.36.32:585][  0]LogPakFile: PakFile PathHashIndexSize=101
[2022.01.18-22.36.32:585][  0]LogPakFile: PakFile FullDirectoryIndexSize=158
[2022.01.18-22.36.32:585][  0]LogShaderLibrary: Display: ShaderCodeLibraryPakFileMountedCallback: PakFile 'D:/UE_4.27/FeaturePacks/TP_2DSideScrollerBP.upack' (chunk index -1, root 'root:/') mounted
[2022.01.18-22.36.32:585][  0]LogShaderLibrary: Display: ShaderCodeLibraryPakFileMountedCallback: pending pak file info (ChunkID:-1 Root:root:/ File:D:/UE_4.27/FeaturePacks/TP_2DSideScrollerBP.upack)
[2022.01.18-22.36.32:585][  0]LogPakFile: OnPakFileMounted2Time == 0.000042
[2022.01.18-22.36.32:586][  0]LogPakFile: PakFile PrimaryIndexSize=182
[2022.01.18-22.36.32:586][  0]LogPakFile: PakFile PathHashIndexSize=101
[2022.01.18-22.36.32:586][  0]LogPakFile: PakFile FullDirectoryIndexSize=138
[2022.01.18-22.36.32:586][  0]LogShaderLibrary: Display: ShaderCodeLibraryPakFileMountedCallback: PakFile 'D:/UE_4.27/FeaturePacks/TP_Flying.upack' (chunk index -1, root 'root:/') mounted
[2022.01.18-22.36.32:586][  0]LogShaderLibrary: Display: ShaderCodeLibraryPakFileMountedCallback: pending pak file info (ChunkID:-1 Root:root:/ File:D:/UE_4.27/FeaturePacks/TP_Flying.upack)
[2022.01.18-22.36.32:586][  0]LogPakFile: OnPakFileMounted2Time == 0.000041
[2022.01.18-22.36.32:586][  0]LogPakFile: PakFile PrimaryIndexSize=184
[2022.01.18-22.36.32:586][  0]LogPakFile: PakFile PathHashIndexSize=101
[2022.01.18-22.36.32:586][  0]LogPakFile: PakFile FullDirectoryIndexSize=142
[2022.01.18-22.36.32:586][  0]LogShaderLibrary: Display: ShaderCodeLibraryPakFileMountedCallback: PakFile 'D:/UE_4.27/FeaturePacks/TP_FlyingBP.upack' (chunk index -1, root 'root:/') mounted
[2022.01.18-22.36.32:586][  0]LogShaderLibrary: Display: ShaderCodeLibraryPakFileMountedCallback: pending pak file info (ChunkID:-1 Root:root:/ File:D:/UE_4.27/FeaturePacks/TP_FlyingBP.upack)
[2022.01.18-22.36.32:586][  0]LogPakFile: OnPakFileMounted2Time == 0.000041
[2022.01.18-22.36.32:587][  0]LogPakFile: PakFile PrimaryIndexSize=188
[2022.01.18-22.36.32:587][  0]LogPakFile: PakFile PathHashIndexSize=101
[2022.01.18-22.36.32:587][  0]LogPakFile: PakFile FullDirectoryIndexSize=150
[2022.01.18-22.36.32:587][  0]LogShaderLibrary: Display: ShaderCodeLibraryPakFileMountedCallback: PakFile 'D:/UE_4.27/FeaturePacks/TP_HandheldARBP.upack' (chunk index -1, root 'root:/') mounted
[2022.01.18-22.36.32:587][  0]LogShaderLibrary: Display: ShaderCodeLibraryPakFileMountedCallback: pending pak file info (ChunkID:-1 Root:root:/ File:D:/UE_4.27/FeaturePacks/TP_HandheldARBP.upack)
[2022.01.18-22.36.32:587][  0]LogPakFile: OnPakFileMounted2Time == 0.000047
[2022.01.18-22.36.32:588][  0]LogPakFile: PakFile PrimaryIndexSize=182
[2022.01.18-22.36.32:588][  0]LogPakFile: PakFile PathHashIndexSize=101
[2022.01.18-22.36.32:588][  0]LogPakFile: PakFile FullDirectoryIndexSize=138
[2022.01.18-22.36.32:588][  0]LogShaderLibrary: Display: ShaderCodeLibraryPakFileMountedCallback: PakFile 'D:/UE_4.27/FeaturePacks/TP_Puzzle.upack' (chunk index -1, root 'root:/') mounted
[2022.01.18-22.36.32:588][  0]LogShaderLibrary: Display: ShaderCodeLibraryPakFileMountedCallback: pending pak file info (ChunkID:-1 Root:root:/ File:D:/UE_4.27/FeaturePacks/TP_Puzzle.upack)
[2022.01.18-22.36.32:588][  0]LogPakFile: OnPakFileMounted2Time == 0.000049
[2022.01.18-22.36.32:589][  0]LogPakFile: PakFile PrimaryIndexSize=184
[2022.01.18-22.36.32:589][  0]LogPakFile: PakFile PathHashIndexSize=101
[2022.01.18-22.36.32:589][  0]LogPakFile: PakFile FullDirectoryIndexSize=142
[2022.01.18-22.36.32:589][  0]LogShaderLibrary: Display: ShaderCodeLibraryPakFileMountedCallback: PakFile 'D:/UE_4.27/FeaturePacks/TP_PuzzleBP.upack' (chunk index -1, root 'root:/') mounted
[2022.01.18-22.36.32:589][  0]LogShaderLibrary: Display: ShaderCodeLibraryPakFileMountedCallback: pending pak file info (ChunkID:-1 Root:root:/ File:D:/UE_4.27/FeaturePacks/TP_PuzzleBP.upack)
[2022.01.18-22.36.32:589][  0]LogPakFile: OnPakFileMounted2Time == 0.000046
[2022.01.18-22.36.32:589][  0]LogPakFile: PakFile PrimaryIndexSize=183
[2022.01.18-22.36.32:589][  0]LogPakFile: PakFile PathHashIndexSize=101
[2022.01.18-22.36.32:589][  0]LogPakFile: PakFile FullDirectoryIndexSize=140
[2022.01.18-22.36.32:589][  0]LogShaderLibrary: Display: ShaderCodeLibraryPakFileMountedCallback: PakFile 'D:/UE_4.27/FeaturePacks/TP_Rolling.upack' (chunk index -1, root 'root:/') mounted
[2022.01.18-22.36.32:589][  0]LogShaderLibrary: Display: ShaderCodeLibraryPakFileMountedCallback: pending pak file info (ChunkID:-1 Root:root:/ File:D:/UE_4.27/FeaturePacks/TP_Rolling.upack)
[2022.01.18-22.36.32:589][  0]LogPakFile: OnPakFileMounted2Time == 0.000054
[2022.01.18-22.36.32:590][  0]LogPakFile: PakFile PrimaryIndexSize=185
[2022.01.18-22.36.32:590][  0]LogPakFile: PakFile PathHashIndexSize=101
[2022.01.18-22.36.32:590][  0]LogPakFile: PakFile FullDirectoryIndexSize=144
[2022.01.18-22.36.32:590][  0]LogShaderLibrary: Display: ShaderCodeLibraryPakFileMountedCallback: PakFile 'D:/UE_4.27/FeaturePacks/TP_RollingBP.upack' (chunk index -1, root 'root:/') mounted
[2022.01.18-22.36.32:590][  0]LogShaderLibrary: Display: ShaderCodeLibraryPakFileMountedCallback: pending pak file info (ChunkID:-1 Root:root:/ File:D:/UE_4.27/FeaturePacks/TP_RollingBP.upack)
[2022.01.18-22.36.32:590][  0]LogPakFile: OnPakFileMounted2Time == 0.000046
[2022.01.18-22.36.32:591][  0]LogPakFile: PakFile PrimaryIndexSize=188
[2022.01.18-22.36.32:591][  0]LogPakFile: PakFile PathHashIndexSize=101
[2022.01.18-22.36.32:591][  0]LogPakFile: PakFile FullDirectoryIndexSize=150
[2022.01.18-22.36.32:591][  0]LogShaderLibrary: Display: ShaderCodeLibraryPakFileMountedCallback: PakFile 'D:/UE_4.27/FeaturePacks/TP_SideScroller.upack' (chunk index -1, root 'root:/') mounted
[2022.01.18-22.36.32:591][  0]LogShaderLibrary: Display: ShaderCodeLibraryPakFileMountedCallback: pending pak file info (ChunkID:-1 Root:root:/ File:D:/UE_4.27/FeaturePacks/TP_SideScroller.upack)
[2022.01.18-22.36.32:591][  0]LogPakFile: OnPakFileMounted2Time == 0.000041
[2022.01.18-22.36.32:591][  0]LogPakFile: PakFile PrimaryIndexSize=190
[2022.01.18-22.36.32:591][  0]LogPakFile: PakFile PathHashIndexSize=101
[2022.01.18-22.36.32:591][  0]LogPakFile: PakFile FullDirectoryIndexSize=154
[2022.01.18-22.36.32:591][  0]LogShaderLibrary: Display: ShaderCodeLibraryPakFileMountedCallback: PakFile 'D:/UE_4.27/FeaturePacks/TP_SideScrollerBP.upack' (chunk index -1, root 'root:/') mounted
[2022.01.18-22.36.32:591][  0]LogShaderLibrary: Display: ShaderCodeLibraryPakFileMountedCallback: pending pak file info (ChunkID:-1 Root:root:/ File:D:/UE_4.27/FeaturePacks/TP_SideScrollerBP.upack)
[2022.01.18-22.36.32:591][  0]LogPakFile: OnPakFileMounted2Time == 0.000041
[2022.01.18-22.36.32:592][  0]LogPakFile: PakFile PrimaryIndexSize=187
[2022.01.18-22.36.32:592][  0]LogPakFile: PakFile PathHashIndexSize=101
[2022.01.18-22.36.32:592][  0]LogPakFile: PakFile FullDirectoryIndexSize=148
[2022.01.18-22.36.32:592][  0]LogShaderLibrary: Display: ShaderCodeLibraryPakFileMountedCallback: PakFile 'D:/UE_4.27/FeaturePacks/TP_ThirdPerson.upack' (chunk index -1, root 'root:/') mounted
[2022.01.18-22.36.32:592][  0]LogShaderLibrary: Display: ShaderCodeLibraryPakFileMountedCallback: pending pak file info (ChunkID:-1 Root:root:/ File:D:/UE_4.27/FeaturePacks/TP_ThirdPerson.upack)
[2022.01.18-22.36.32:592][  0]LogPakFile: OnPakFileMounted2Time == 0.000047
[2022.01.18-22.36.32:592][  0]LogPakFile: PakFile PrimaryIndexSize=189
[2022.01.18-22.36.32:592][  0]LogPakFile: PakFile PathHashIndexSize=101
[2022.01.18-22.36.32:592][  0]LogPakFile: PakFile FullDirectoryIndexSize=152
[2022.01.18-22.36.32:592][  0]LogShaderLibrary: Display: ShaderCodeLibraryPakFileMountedCallback: PakFile 'D:/UE_4.27/FeaturePacks/TP_ThirdPersonBP.upack' (chunk index -1, root 'root:/') mounted
[2022.01.18-22.36.32:592][  0]LogShaderLibrary: Display: ShaderCodeLibraryPakFileMountedCallback: pending pak file info (ChunkID:-1 Root:root:/ File:D:/UE_4.27/FeaturePacks/TP_ThirdPersonBP.upack)
[2022.01.18-22.36.32:592][  0]LogPakFile: OnPakFileMounted2Time == 0.000043
[2022.01.18-22.36.32:593][  0]LogPakFile: PakFile PrimaryIndexSize=183
[2022.01.18-22.36.32:593][  0]LogPakFile: PakFile PathHashIndexSize=101
[2022.01.18-22.36.32:593][  0]LogPakFile: PakFile FullDirectoryIndexSize=140
[2022.01.18-22.36.32:593][  0]LogShaderLibrary: Display: ShaderCodeLibraryPakFileMountedCallback: PakFile 'D:/UE_4.27/FeaturePacks/TP_TopDown.upack' (chunk index -1, root 'root:/') mounted
[2022.01.18-22.36.32:593][  0]LogShaderLibrary: Display: ShaderCodeLibraryPakFileMountedCallback: pending pak file info (ChunkID:-1 Root:root:/ File:D:/UE_4.27/FeaturePacks/TP_TopDown.upack)
[2022.01.18-22.36.32:593][  0]LogPakFile: OnPakFileMounted2Time == 0.000053
[2022.01.18-22.36.32:593][  0]LogPakFile: PakFile PrimaryIndexSize=185
[2022.01.18-22.36.32:593][  0]LogPakFile: PakFile PathHashIndexSize=101
[2022.01.18-22.36.32:593][  0]LogPakFile: PakFile FullDirectoryIndexSize=144
[2022.01.18-22.36.32:593][  0]LogShaderLibrary: Display: ShaderCodeLibraryPakFileMountedCallback: PakFile 'D:/UE_4.27/FeaturePacks/TP_TopDownBP.upack' (chunk index -1, root 'root:/') mounted
[2022.01.18-22.36.32:593][  0]LogShaderLibrary: Display: ShaderCodeLibraryPakFileMountedCallback: pending pak file info (ChunkID:-1 Root:root:/ File:D:/UE_4.27/FeaturePacks/TP_TopDownBP.upack)
[2022.01.18-22.36.32:594][  0]LogPakFile: OnPakFileMounted2Time == 0.000043
[2022.01.18-22.36.32:594][  0]LogPakFile: PakFile PrimaryIndexSize=185
[2022.01.18-22.36.32:594][  0]LogPakFile: PakFile PathHashIndexSize=101
[2022.01.18-22.36.32:594][  0]LogPakFile: PakFile FullDirectoryIndexSize=144
[2022.01.18-22.36.32:594][  0]LogShaderLibrary: Display: ShaderCodeLibraryPakFileMountedCallback: PakFile 'D:/UE_4.27/FeaturePacks/TP_TwinStick.upack' (chunk index -1, root 'root:/') mounted
[2022.01.18-22.36.32:594][  0]LogShaderLibrary: Display: ShaderCodeLibraryPakFileMountedCallback: pending pak file info (ChunkID:-1 Root:root:/ File:D:/UE_4.27/FeaturePacks/TP_TwinStick.upack)
[2022.01.18-22.36.32:594][  0]LogPakFile: OnPakFileMounted2Time == 0.000041
[2022.01.18-22.36.32:594][  0]LogPakFile: PakFile PrimaryIndexSize=187
[2022.01.18-22.36.32:595][  0]LogPakFile: PakFile PathHashIndexSize=101
[2022.01.18-22.36.32:595][  0]LogPakFile: PakFile FullDirectoryIndexSize=148
[2022.01.18-22.36.32:595][  0]LogShaderLibrary: Display: ShaderCodeLibraryPakFileMountedCallback: PakFile 'D:/UE_4.27/FeaturePacks/TP_TwinStickBP.upack' (chunk index -1, root 'root:/') mounted
[2022.01.18-22.36.32:595][  0]LogShaderLibrary: Display: ShaderCodeLibraryPakFileMountedCallback: pending pak file info (ChunkID:-1 Root:root:/ File:D:/UE_4.27/FeaturePacks/TP_TwinStickBP.upack)
[2022.01.18-22.36.32:595][  0]LogPakFile: OnPakFileMounted2Time == 0.000041
[2022.01.18-22.36.32:595][  0]LogPakFile: PakFile PrimaryIndexSize=183
[2022.01.18-22.36.32:595][  0]LogPakFile: PakFile PathHashIndexSize=101
[2022.01.18-22.36.32:595][  0]LogPakFile: PakFile FullDirectoryIndexSize=140
[2022.01.18-22.36.32:595][  0]LogShaderLibrary: Display: ShaderCodeLibraryPakFileMountedCallback: PakFile 'D:/UE_4.27/FeaturePacks/TP_Vehicle.upack' (chunk index -1, root 'root:/') mounted
[2022.01.18-22.36.32:595][  0]LogShaderLibrary: Display: ShaderCodeLibraryPakFileMountedCallback: pending pak file info (ChunkID:-1 Root:root:/ File:D:/UE_4.27/FeaturePacks/TP_Vehicle.upack)
[2022.01.18-22.36.32:595][  0]LogPakFile: OnPakFileMounted2Time == 0.000042
[2022.01.18-22.36.32:596][  0]LogPakFile: PakFile PrimaryIndexSize=186
[2022.01.18-22.36.32:596][  0]LogPakFile: PakFile PathHashIndexSize=101
[2022.01.18-22.36.32:596][  0]LogPakFile: PakFile FullDirectoryIndexSize=146
[2022.01.18-22.36.32:596][  0]LogShaderLibrary: Display: ShaderCodeLibraryPakFileMountedCallback: PakFile 'D:/UE_4.27/FeaturePacks/TP_VehicleAdv.upack' (chunk index -1, root 'root:/') mounted
[2022.01.18-22.36.32:596][  0]LogShaderLibrary: Display: ShaderCodeLibraryPakFileMountedCallback: pending pak file info (ChunkID:-1 Root:root:/ File:D:/UE_4.27/FeaturePacks/TP_VehicleAdv.upack)
[2022.01.18-22.36.32:596][  0]LogPakFile: OnPakFileMounted2Time == 0.000042
[2022.01.18-22.36.32:596][  0]LogPakFile: PakFile PrimaryIndexSize=188
[2022.01.18-22.36.32:596][  0]LogPakFile: PakFile PathHashIndexSize=101
[2022.01.18-22.36.32:596][  0]LogPakFile: PakFile FullDirectoryIndexSize=150
[2022.01.18-22.36.32:596][  0]LogShaderLibrary: Display: ShaderCodeLibraryPakFileMountedCallback: PakFile 'D:/UE_4.27/FeaturePacks/TP_VehicleAdvBP.upack' (chunk index -1, root 'root:/') mounted
[2022.01.18-22.36.32:596][  0]LogShaderLibrary: Display: ShaderCodeLibraryPakFileMountedCallback: pending pak file info (ChunkID:-1 Root:root:/ File:D:/UE_4.27/FeaturePacks/TP_VehicleAdvBP.upack)
[2022.01.18-22.36.32:596][  0]LogPakFile: OnPakFileMounted2Time == 0.000044
[2022.01.18-22.36.32:597][  0]LogPakFile: PakFile PrimaryIndexSize=185
[2022.01.18-22.36.32:597][  0]LogPakFile: PakFile PathHashIndexSize=101
[2022.01.18-22.36.32:597][  0]LogPakFile: PakFile FullDirectoryIndexSize=144
[2022.01.18-22.36.32:597][  0]LogShaderLibrary: Display: ShaderCodeLibraryPakFileMountedCallback: PakFile 'D:/UE_4.27/FeaturePacks/TP_VehicleBP.upack' (chunk index -1, root 'root:/') mounted
[2022.01.18-22.36.32:597][  0]LogShaderLibrary: Display: ShaderCodeLibraryPakFileMountedCallback: pending pak file info (ChunkID:-1 Root:root:/ File:D:/UE_4.27/FeaturePacks/TP_VehicleBP.upack)
[2022.01.18-22.36.32:597][  0]LogPakFile: OnPakFileMounted2Time == 0.000042
[2022.01.18-22.36.32:597][  0]LogPakFile: PakFile PrimaryIndexSize=192
[2022.01.18-22.36.32:597][  0]LogPakFile: PakFile PathHashIndexSize=101
[2022.01.18-22.36.32:597][  0]LogPakFile: PakFile FullDirectoryIndexSize=158
[2022.01.18-22.36.32:597][  0]LogShaderLibrary: Display: ShaderCodeLibraryPakFileMountedCallback: PakFile 'D:/UE_4.27/FeaturePacks/TP_VirtualRealityBP.upack' (chunk index -1, root 'root:/') mounted
[2022.01.18-22.36.32:597][  0]LogShaderLibrary: Display: ShaderCodeLibraryPakFileMountedCallback: pending pak file info (ChunkID:-1 Root:root:/ File:D:/UE_4.27/FeaturePacks/TP_VirtualRealityBP.upack)
[2022.01.18-22.36.32:597][  0]LogPakFile: OnPakFileMounted2Time == 0.000044
[2022.01.18-22.36.32:656][  0]LogNativeClassHierarchy: Verbose: Native class hierarchy updated for 'AddContentDialog' in 0.0004 seconds. Added 0 classes and 0 folders.
[2022.01.18-22.36.32:657][  0]LogNativeClassHierarchy: Verbose: Native class hierarchy updated for 'SceneOutliner' in 0.0003 seconds. Added 2 classes and 0 folders.
[2022.01.18-22.36.32:771][  0]LogSlate: Took 0.000241 seconds to synchronously load lazily loaded font '../../../Engine/Content/Slate/Fonts/Roboto-Regular.ttf' (155K)
[2022.01.18-22.36.32:773][  0]LogSlate: Took 0.000226 seconds to synchronously load lazily loaded font '../../../Engine/Content/Editor/Slate/Fonts/FontAwesome.ttf' (139K)
[2022.01.18-22.36.32:774][  0]LogSlate: Took 0.000199 seconds to synchronously load lazily loaded font '../../../Engine/Content/Slate/Fonts/Roboto-Bold.ttf' (160K)
[2022.01.18-22.36.32:886][  0]LogRenderer: Reallocating scene render targets to support 1040x592 Format 10 NumSamples 1 (Frame:1).
[2022.01.18-22.36.33:066][  0]LogNativeClassHierarchy: Verbose: Native class hierarchy updated for 'HierarchicalLODOutliner' in 0.0004 seconds. Added 0 classes and 0 folders.
[2022.01.18-22.36.33:067][  0]LogInput: Warning: Action Jump uses invalid key OculusGo_Left_Trigger_Click.
[2022.01.18-22.36.33:067][  0]LogInput: Warning: Action ResetVR uses invalid key OculusGo_Left_Trackpad_Click.
[2022.01.18-22.36.33:067][  0]LogInput: Warning: Use -RemoveInvalidKeys to remove instances of these keys from the action mapping.
[2022.01.18-22.36.33:067][  0]LogLoad: (Engine Initialization) Total time: 9.87 seconds
[2022.01.18-22.36.33:067][  0]LogLoad: (Engine Initialization) Total Blueprint compile time: 0.00 seconds
[2022.01.18-22.36.33:140][  0]LogContentStreaming: Texture pool size now 1000 MB
[2022.01.18-22.36.33:176][  1]LogAssetRegistry: Asset discovery search completed in 6.2437 seconds
[2022.01.18-22.36.33:184][  1]LogCollectionManager: Fixed up redirectors for 0 collections in 0.000004 seconds (updated 0 objects)
[2022.01.18-22.36.33:300][  3]LogSlate: Took 0.000210 seconds to synchronously load lazily loaded font '../../../Engine/Content/Slate/Fonts/Roboto-Light.ttf' (167K)
[2022.01.18-22.36.44:894][532]LogLinker: Warning: [AssetLog] D:\FPS\Content\Assets\MyHuman\Animations\Military_Animations\AimOffSet\W2_Crouch_Aim_Point_D90.uasset: Failed to load '/Game/Rifle_01/Character/Mesh/UE4_Mannequin_Skeleton': Can't find file.
[2022.01.18-22.36.44:895][532]LogLinker: Warning: [AssetLog] D:\FPS\Content\Assets\MyHuman\Animations\Military_Animations\AimOffSet\W2_Crouch_Aim_Point_D90.uasset: Failed to load '/Game/Rifle_01/Character/Mesh/UE4_Mannequin_Skeleton': Can't find file.
[2022.01.18-22.36.44:895][532]LogLinker: Warning: [AssetLog] D:\FPS\Content\Assets\MyHuman\Animations\Military_Animations\AimOffSet\W2_Crouch_Aim_Point_D90.uasset: Failed to load '/Game/Rifle_01/Character/Mesh/UE4_Mannequin_Skeleton': Can't find file.
[2022.01.18-22.36.44:895][532]LogLinker: Warning: [AssetLog] D:\FPS\Content\Assets\MyHuman\Animations\Military_Animations\AimOffSet\W2_Crouch_Aim_Point_D90.uasset: Failed to load '/Game/Rifle_01/Character/Mesh/UE4_Mannequin_Skeleton': Can't find file.
[2022.01.18-22.36.44:896][532]LoadErrors: Failed to load /Game/Rifle_01/Character/Mesh/UE4_Mannequin_Skeleton.UE4_Mannequin_Skeleton Referenced by W2_Crouch_Aim_Point_D90
[2022.01.18-22.36.44:922][532]LogSlate: Took 0.000218 seconds to synchronously load lazily loaded font '../../../Engine/Content/Slate/Fonts/Roboto-Light.ttf' (167K)
[2022.01.18-22.36.44:941][532]LogAssetEditorSubsystem: Opening Asset editor for AnimSequence /Game/Assets/MyHuman/Animations/Military_Animations/AimOffSet/W2_Crouch_Aim_Point_D90.W2_Crouch_Aim_Point_D90
[2022.01.18-22.36.46:539][532]LogSlate: Window 'Message' being destroyed
[2022.01.18-22.36.46:543][532]Message dialog closed, result: No, title: Message, text: Could not find the skeleton for Anim 'W2_Crouch_Aim_Point_D90' Would you like to choose a new one?
[2022.01.18-22.36.49:477][666]LogSlate: Took 0.000189 seconds to synchronously load lazily loaded font '../../../Engine/Content/Slate/Fonts/Roboto-Italic.ttf' (157K)
[2022.01.18-22.36.49:523][666]LogContentBrowser: Verbose: The majority of assets in the view are of type: Skeleton
[2022.01.18-22.36.52:152][759]LogOutputDevice: Warning: 

Script Stack (0 frames):

[2022.01.18-22.36.52:152][759]LogWindows: Windows GetLastError: Операция успешно завершена. (0)
[2022.01.18-22.36.53:594][759]LogWindows: Error: === Critical error: ===
[2022.01.18-22.36.53:594][759]LogWindows: Error: 
[2022.01.18-22.36.53:594][759]LogWindows: Error: Assertion failed: Object [File:D:\Build\++UE4\Sync\Engine\Source\Runtime\CoreUObject\Public\UObject/UObjectAnnotation.h] [Line: 785] 
[2022.01.18-22.36.53:594][759]LogWindows: Error: 
[2022.01.18-22.36.53:594][759]LogWindows: Error: 
[2022.01.18-22.36.53:594][759]LogWindows: Error: 
[2022.01.18-22.36.53:594][759]LogWindows: Error: [Callstack] 0x00007fff68fe478c KERNELBASE.dll!UnknownFunction []
[2022.01.18-22.36.53:594][759]LogWindows: Error: [Callstack] 0x00007fff02730216 UE4Editor-Core.dll!UnknownFunction []
[2022.01.18-22.36.53:594][759]LogWindows: Error: [Callstack] 0x00007fff02734218 UE4Editor-Core.dll!UnknownFunction []
[2022.01.18-22.36.53:594][759]LogWindows: Error: [Callstack] 0x00007fff0245242d UE4Editor-Core.dll!UnknownFunction []
[2022.01.18-22.36.53:594][759]LogWindows: Error: [Callstack] 0x00007fff023a6a45 UE4Editor-Core.dll!UnknownFunction []
[2022.01.18-22.36.53:594][759]LogWindows: Error: [Callstack] 0x00007fff023a80a0 UE4Editor-Core.dll!UnknownFunction []
[2022.01.18-22.36.53:594][759]LogWindows: Error: [Callstack] 0x00007ffefa2bc81f UE4Editor-CoreUObject.dll!UnknownFunction []
[2022.01.18-22.36.53:594][759]LogWindows: Error: [Callstack] 0x00007ffee05bb904 UE4Editor-Engine.dll!UnknownFunction []
[2022.01.18-22.36.53:594][759]LogWindows: Error: [Callstack] 0x00007ffee05b554d UE4Editor-Engine.dll!UnknownFunction []
[2022.01.18-22.36.53:594][759]LogWindows: Error: [Callstack] 0x00007ffee065cd22 UE4Editor-Engine.dll!UnknownFunction []
[2022.01.18-22.36.53:594][759]LogWindows: Error: [Callstack] 0x00007ffefa2a22c5 UE4Editor-CoreUObject.dll!UnknownFunction []
[2022.01.18-22.36.53:594][759]LogWindows: Error: [Callstack] 0x00007ffefa2a1584 UE4Editor-CoreUObject.dll!UnknownFunction []
[2022.01.18-22.36.53:594][759]LogWindows: Error: [Callstack] 0x00007ffee5f2df75 UE4Editor-UnrealEd.dll!UnknownFunction []
[2022.01.18-22.36.53:594][759]LogWindows: Error: [Callstack] 0x00007ffedb6d7c97 UE4Editor-AssetTools.dll!UnknownFunction []
[2022.01.18-22.36.53:594][759]LogWindows: Error: [Callstack] 0x00007ffedb642982 UE4Editor-AssetTools.dll!UnknownFunction []
[2022.01.18-22.36.53:594][759]LogWindows: Error: [Callstack] 0x00007ffee59f2f2c UE4Editor-UnrealEd.dll!UnknownFunction []
[2022.01.18-22.36.53:594][759]LogWindows: Error: [Callstack] 0x00007ffee59c8378 UE4Editor-UnrealEd.dll!UnknownFunction []
[2022.01.18-22.36.53:594][759]LogWindows: Error: [Callstack] 0x00007ffee59f34c7 UE4Editor-UnrealEd.dll!UnknownFunction []
[2022.01.18-22.36.53:594][759]LogWindows: Error: [Callstack] 0x00007ffee5a276b8 UE4Editor-UnrealEd.dll!UnknownFunction []
[2022.01.18-22.36.53:594][759]LogWindows: Error: [Callstack] 0x00007ffee5a286fc UE4Editor-UnrealEd.dll!UnknownFunction []
[2022.01.18-22.36.53:594][759]LogWindows: Error: [Callstack] 0x00007ffedb6fb44e UE4Editor-AssetTools.dll!UnknownFunction []
[2022.01.18-22.36.53:594][759]LogWindows: Error: [Callstack] 0x00007ffedb650b56 UE4Editor-AssetTools.dll!UnknownFunction []
[2022.01.18-22.36.53:594][759]LogWindows: Error: [Callstack] 0x00007ffee61afe7c UE4Editor-UnrealEd.dll!UnknownFunction []
[2022.01.18-22.36.53:594][759]LogWindows: Error: [Callstack] 0x00007ffee61725c7 UE4Editor-UnrealEd.dll!UnknownFunction []
[2022.01.18-22.36.53:594][759]LogWindows: Error: [Callstack] 0x00007ffefb8fa6fe UE4Editor-Slate.dll!UnknownFunction []
[2022.01.18-22.36.53:594][759]LogWindows: Error: [Callstack] 0x00007ffefb91280e UE4Editor-Slate.dll!UnknownFunction []
[2022.01.18-22.36.53:595][759]LogWindows: Error: [Callstack] 0x00007ffefb76421e UE4Editor-Slate.dll!UnknownFunction []
[2022.01.18-22.36.53:595][759]LogWindows: Error: [Callstack] 0x00007ffefb7de104 UE4Editor-Slate.dll!UnknownFunction []
[2022.01.18-22.36.53:595][759]LogWindows: Error: [Callstack] 0x00007ffefb7c7097 UE4Editor-Slate.dll!UnknownFunction []
[2022.01.18-22.36.53:595][759]LogWindows: Error: [Callstack] 0x00007ffefb7b9b62 UE4Editor-Slate.dll!UnknownFunction []
[2022.01.18-22.36.53:595][759]LogWindows: Error: [Callstack] 0x00007fff3550c025 UE4Editor-ApplicationCore.dll!UnknownFunction []
[2022.01.18-22.36.53:595][759]LogWindows: Error: [Callstack] 0x00007fff354f92b7 UE4Editor-ApplicationCore.dll!UnknownFunction []
[2022.01.18-22.36.53:595][759]LogWindows: Error: [Callstack] 0x00007fff3550e465 UE4Editor-ApplicationCore.dll!UnknownFunction []
[2022.01.18-22.36.53:595][759]LogWindows: Error: [Callstack] 0x00007fff354f4410 UE4Editor-ApplicationCore.dll!UnknownFunction []
[2022.01.18-22.36.53:595][759]LogWindows: Error: [Callstack] 0x00007fff6ae71c4c USER32.dll!UnknownFunction []
[2022.01.18-22.36.53:595][759]LogWindows: Error: [Callstack] 0x00007fff6ae70ea6 USER32.dll!UnknownFunction []
[2022.01.18-22.36.53:595][759]LogWindows: Error: [Callstack] 0x00007fff3550fcd4 UE4Editor-ApplicationCore.dll!UnknownFunction []
[2022.01.18-22.36.53:595][759]LogWindows: Error: [Callstack] 0x00007ff707cb7621 UE4Editor.exe!UnknownFunction []
[2022.01.18-22.36.53:595][759]LogWindows: Error: [Callstack] 0x00007ff707cd0fcc UE4Editor.exe!UnknownFunction []
[2022.01.18-22.36.53:595][759]LogWindows: Error: [Callstack] 0x00007ff707cd10ba UE4Editor.exe!UnknownFunction []
[2022.01.18-22.36.53:595][759]LogWindows: Error: [Callstack] 0x00007ff707cd40dd UE4Editor.exe!UnknownFunction []
[2022.01.18-22.36.53:595][759]LogWindows: Error: [Callstack] 0x00007ff707ce5984 UE4Editor.exe!UnknownFunction []
[2022.01.18-22.36.53:595][759]LogWindows: Error: [Callstack] 0x00007ff707ce853a UE4Editor.exe!UnknownFunction []
[2022.01.18-22.36.53:595][759]LogWindows: Error: [Callstack] 0x00007fff69fc54e0 KERNEL32.DLL!UnknownFunction []
[2022.01.18-22.36.53:595][759]LogWindows: Error: [Callstack] 0x00007fff6b62485b ntdll.dll!UnknownFunction []
[2022.01.18-22.36.53:595][759]LogWindows: Error: 
[2022.01.18-22.36.53:603][759]LogExit: Executing StaticShutdownAfterError
[2022.01.18-22.36.53:606][759]LogWindows: FPlatformMisc::RequestExit(1)
[2022.01.18-22.36.53:606][759]LogWindows: FPlatformMisc::RequestExitWithStatus(1, 3)
[2022.01.18-22.36.53:606][759]LogCore: Engine exit requested (reason: Win RequestExit)
[2022.01.18-22.36.53:612][759]Log file closed, 01/19/22 05:36:53
